1663318997862	geckodriver	INFO	Listening on 127.0.0.1:52767
1663318998438	mozrunner::runner	INFO	Running command: "/usr/bin/firefox" "--marionette" "--remote-debugging-port" "52031" "--remote-allow-hosts" "localhost" "-no-remote" "-profile" "/tmp/rust_mozprofile8y7JwW"
1663318998945	Marionette	INFO	Marionette enabled
1663318998949	Marionette	INFO	Listening on port 34805
WebDriver BiDi listening on ws://localhost:52031
Read port: 34805
1663318999214	RemoteAgent	WARN	TLS certificate errors will be ignored for this session
console.warn: SearchSettings: "get: No settings file exists, new profile?" (new NotFoundError("Could not open the file at /tmp/rust_mozprofile8y7JwW/search.json.mozlz4", (void 0)))
Missing chrome or resource URL: resource://gre/modules/UpdateListener.jsm
Missing chrome or resource URL: resource://gre/modules/UpdateListener.sys.mjs
DevTools listening on ws://localhost:52031/devtools/browser/aa4ee6ff-75ef-4822-b1a5-df495d32d5cf
JavaScript warning: https://sell.smartstore.naver.com/app.js?a551cacb15c414488cf2, line 1: unreachable code after return statement
JavaScript warning: https://sell.smartstore.naver.com/app.js?a551cacb15c414488cf2, line 1: unreachable code after return statement
Exiting due to channel error.
Exiting due to channel error.
Exiting due to channel error.
1663319118469	geckodriver	INFO	Listening on 127.0.0.1:55629
1663319118532	mozrunner::runner	INFO	Running command: "/usr/bin/firefox" "--marionette" "--remote-debugging-port" "47827" "--remote-allow-hosts" "localhost" "-no-remote" "-profile" "/tmp/rust_mozprofilezJp9FG"
1663319119080	Marionette	INFO	Marionette enabled
1663319119083	Marionette	INFO	Listening on port 35009
WebDriver BiDi listening on ws://localhost:47827
Read port: 35009
1663319119256	RemoteAgent	WARN	TLS certificate errors will be ignored for this session
console.warn: SearchSettings: "get: No settings file exists, new profile?" (new NotFoundError("Could not open the file at /tmp/rust_mozprofilezJp9FG/search.json.mozlz4", (void 0)))
Missing chrome or resource URL: resource://gre/modules/UpdateListener.jsm
Missing chrome or resource URL: resource://gre/modules/UpdateListener.sys.mjs
DevTools listening on ws://localhost:47827/devtools/browser/556e6e81-828d-45c0-8007-8018b5e10e1a
JavaScript warning: https://sell.smartstore.naver.com/app.js?a551cacb15c414488cf2, line 1: unreachable code after return statement
JavaScript warning: https://sell.smartstore.naver.com/app.js?a551cacb15c414488cf2, line 1: unreachable code after return statement
Exiting due to channel error.
Exiting due to channel error.
Exiting due to channel error.
1663319167538	geckodriver	INFO	Listening on 127.0.0.1:56225
1663319167604	mozrunner::runner	INFO	Running command: "/usr/bin/firefox" "--marionette" "--remote-debugging-port" "38309" "--remote-allow-hosts" "localhost" "-no-remote" "-profile" "/tmp/rust_mozprofileNVmDNT"
1663319168159	Marionette	INFO	Marionette enabled
1663319168163	Marionette	INFO	Listening on port 37977
WebDriver BiDi listening on ws://localhost:38309
Read port: 37977
1663319168290	RemoteAgent	WARN	TLS certificate errors will be ignored for this session
console.warn: SearchSettings: "get: No settings file exists, new profile?" (new NotFoundError("Could not open the file at /tmp/rust_mozprofileNVmDNT/search.json.mozlz4", (void 0)))
Missing chrome or resource URL: resource://gre/modules/UpdateListener.jsm
Missing chrome or resource URL: resource://gre/modules/UpdateListener.sys.mjs
DevTools listening on ws://localhost:38309/devtools/browser/707490f8-c87d-4d9d-9f84-3489185c5c3b
JavaScript warning: https://sell.smartstore.naver.com/app.js?a551cacb15c414488cf2, line 1: unreachable code after return statement
JavaScript warning: https://sell.smartstore.naver.com/app.js?a551cacb15c414488cf2, line 1: unreachable code after return statement
console.warn: LoginRecipes: "getRecipes: falling back to a synchronous message for:" "https://accounts.commerce.naver.com"
JavaScript warning: https://sell.smartstore.naver.com/app.js?a551cacb15c414488cf2, line 1: unreachable code after return statement
JavaScript warning: https://sell.smartstore.naver.com/app.js?a551cacb15c414488cf2, line 1: unreachable code after return statement
JavaScript warning: https://sell.smartstore.naver.com/app.js?a551cacb15c414488cf2, line 1: unreachable code after return statement
JavaScript warning: https://sell.smartstore.naver.com/app.js?a551cacb15c414488cf2, line 1: unreachable code after return statement
Exiting due to channel error.
Exiting due to channel error.
Exiting due to channel error.
1663319249109	geckodriver	INFO	Listening on 127.0.0.1:34827
1663319249177	mozrunner::runner	INFO	Running command: "/usr/bin/firefox" "--marionette" "--remote-debugging-port" "45481" "--remote-allow-hosts" "localhost" "-no-remote" "-profile" "/tmp/rust_mozprofileNVFSlL"
1663319249753	Marionette	INFO	Marionette enabled
1663319249757	Marionette	INFO	Listening on port 35677
WebDriver BiDi listening on ws://localhost:45481
Read port: 35677
1663319249845	RemoteAgent	WARN	TLS certificate errors will be ignored for this session
console.warn: SearchSettings: "get: No settings file exists, new profile?" (new NotFoundError("Could not open the file at /tmp/rust_mozprofileNVFSlL/search.json.mozlz4", (void 0)))
Missing chrome or resource URL: resource://gre/modules/UpdateListener.jsm
Missing chrome or resource URL: resource://gre/modules/UpdateListener.sys.mjs
DevTools listening on ws://localhost:45481/devtools/browser/2e1fd092-04b8-469c-aa18-c01a930c859c
JavaScript warning: https://sell.smartstore.naver.com/app.js?a551cacb15c414488cf2, line 1: unreachable code after return statement
JavaScript warning: https://sell.smartstore.naver.com/app.js?a551cacb15c414488cf2, line 1: unreachable code after return statement
console.warn: LoginRecipes: "getRecipes: falling back to a synchronous message for:" "https://accounts.commerce.naver.com"
JavaScript warning: https://sell.smartstore.naver.com/app.js?a551cacb15c414488cf2, line 1: unreachable code after return statement
JavaScript warning: https://sell.smartstore.naver.com/app.js?a551cacb15c414488cf2, line 1: unreachable code after return statement
JavaScript warning: https://sell.smartstore.naver.com/app.js?a551cacb15c414488cf2, line 1: unreachable code after return statement
JavaScript warning: https://sell.smartstore.naver.com/app.js?a551cacb15c414488cf2, line 1: unreachable code after return statement
Exiting due to channel error.
Exiting due to channel error.
Exiting due to channel error.
1663319304313	geckodriver	INFO	Listening on 127.0.0.1:57165
1663319304380	mozrunner::runner	INFO	Running command: "/usr/bin/firefox" "--marionette" "--remote-debugging-port" "42897" "--remote-allow-hosts" "localhost" "-no-remote" "-profile" "/tmp/rust_mozprofileg7FOTS"
1663319304954	Marionette	INFO	Marionette enabled
1663319304957	Marionette	INFO	Listening on port 34551
WebDriver BiDi listening on ws://localhost:42897
Read port: 34551
1663319305046	RemoteAgent	WARN	TLS certificate errors will be ignored for this session
console.warn: SearchSettings: "get: No settings file exists, new profile?" (new NotFoundError("Could not open the file at /tmp/rust_mozprofileg7FOTS/search.json.mozlz4", (void 0)))
Missing chrome or resource URL: resource://gre/modules/UpdateListener.jsm
Missing chrome or resource URL: resource://gre/modules/UpdateListener.sys.mjs
DevTools listening on ws://localhost:42897/devtools/browser/49a38de4-550a-4d2a-b5f6-d42eb751050f
JavaScript warning: https://sell.smartstore.naver.com/app.js?a551cacb15c414488cf2, line 1: unreachable code after return statement
JavaScript warning: https://sell.smartstore.naver.com/app.js?a551cacb15c414488cf2, line 1: unreachable code after return statement
console.warn: LoginRecipes: "getRecipes: falling back to a synchronous message for:" "https://accounts.commerce.naver.com"
JavaScript warning: https://sell.smartstore.naver.com/app.js?a551cacb15c414488cf2, line 1: unreachable code after return statement
JavaScript warning: https://sell.smartstore.naver.com/app.js?a551cacb15c414488cf2, line 1: unreachable code after return statement
JavaScript warning: https://sell.smartstore.naver.com/app.js?a551cacb15c414488cf2, line 1: unreachable code after return statement
JavaScript warning: https://sell.smartstore.naver.com/app.js?a551cacb15c414488cf2, line 1: unreachable code after return statement
Exiting due to channel error.
Exiting due to channel error.
Exiting due to channel error.
1663319364266	geckodriver	INFO	Listening on 127.0.0.1:35063
1663319364340	mozrunner::runner	INFO	Running command: "/usr/bin/firefox" "--marionette" "--remote-debugging-port" "49419" "--remote-allow-hosts" "localhost" "-no-remote" "-profile" "/tmp/rust_mozprofileKzPGiU"
1663319364908	Marionette	INFO	Marionette enabled
1663319364912	Marionette	INFO	Listening on port 45961
WebDriver BiDi listening on ws://localhost:49419
Read port: 45961
1663319365003	RemoteAgent	WARN	TLS certificate errors will be ignored for this session
console.warn: SearchSettings: "get: No settings file exists, new profile?" (new NotFoundError("Could not open the file at /tmp/rust_mozprofileKzPGiU/search.json.mozlz4", (void 0)))
Missing chrome or resource URL: resource://gre/modules/UpdateListener.jsm
Missing chrome or resource URL: resource://gre/modules/UpdateListener.sys.mjs
DevTools listening on ws://localhost:49419/devtools/browser/4ba673c6-2adc-4cdf-96a8-893def0567c7
JavaScript warning: https://sell.smartstore.naver.com/app.js?a551cacb15c414488cf2, line 1: unreachable code after return statement
JavaScript warning: https://sell.smartstore.naver.com/app.js?a551cacb15c414488cf2, line 1: unreachable code after return statement
console.warn: LoginRecipes: "getRecipes: falling back to a synchronous message for:" "https://accounts.commerce.naver.com"
JavaScript warning: https://sell.smartstore.naver.com/app.js?a551cacb15c414488cf2, line 1: unreachable code after return statement
JavaScript warning: https://sell.smartstore.naver.com/app.js?a551cacb15c414488cf2, line 1: unreachable code after return statement
JavaScript warning: https://sell.smartstore.naver.com/app.js?a551cacb15c414488cf2, line 1: unreachable code after return statement
JavaScript warning: https://sell.smartstore.naver.com/app.js?a551cacb15c414488cf2, line 1: unreachable code after return statement
Exiting due to channel error.
Exiting due to channel error.
Exiting due to channel error.
1663319449059	geckodriver	INFO	Listening on 127.0.0.1:39313
1663319449132	mozrunner::runner	INFO	Running command: "/usr/bin/firefox" "--marionette" "--remote-debugging-port" "37343" "--remote-allow-hosts" "localhost" "-no-remote" "-profile" "/tmp/rust_mozprofileIezPnT"
1663319449691	Marionette	INFO	Marionette enabled
1663319449695	Marionette	INFO	Listening on port 46597
WebDriver BiDi listening on ws://localhost:37343
Read port: 46597
1663319449795	RemoteAgent	WARN	TLS certificate errors will be ignored for this session
console.warn: SearchSettings: "get: No settings file exists, new profile?" (new NotFoundError("Could not open the file at /tmp/rust_mozprofileIezPnT/search.json.mozlz4", (void 0)))
Missing chrome or resource URL: resource://gre/modules/UpdateListener.jsm
Missing chrome or resource URL: resource://gre/modules/UpdateListener.sys.mjs
DevTools listening on ws://localhost:37343/devtools/browser/984613d1-fa6a-4bc9-82db-495d9426b726
JavaScript warning: https://sell.smartstore.naver.com/app.js?a551cacb15c414488cf2, line 1: unreachable code after return statement
JavaScript warning: https://sell.smartstore.naver.com/app.js?a551cacb15c414488cf2, line 1: unreachable code after return statement
console.warn: LoginRecipes: "getRecipes: falling back to a synchronous message for:" "https://accounts.commerce.naver.com"
JavaScript warning: https://sell.smartstore.naver.com/app.js?a551cacb15c414488cf2, line 1: unreachable code after return statement
JavaScript warning: https://sell.smartstore.naver.com/app.js?a551cacb15c414488cf2, line 1: unreachable code after return statement
JavaScript warning: https://sell.smartstore.naver.com/app.js?a551cacb15c414488cf2, line 1: unreachable code after return statement
JavaScript warning: https://sell.smartstore.naver.com/app.js?a551cacb15c414488cf2, line 1: unreachable code after return statement
Exiting due to channel error.
Exiting due to channel error.
Exiting due to channel error.
1663319483546	geckodriver	INFO	Listening on 127.0.0.1:50643
1663319483613	mozrunner::runner	INFO	Running command: "/usr/bin/firefox" "--marionette" "--remote-debugging-port" "55753" "--remote-allow-hosts" "localhost" "-no-remote" "-profile" "/tmp/rust_mozprofilesqSNdr"
1663319484182	Marionette	INFO	Marionette enabled
1663319484185	Marionette	INFO	Listening on port 39179
WebDriver BiDi listening on ws://localhost:55753
Read port: 39179
1663319484272	RemoteAgent	WARN	TLS certificate errors will be ignored for this session
console.warn: SearchSettings: "get: No settings file exists, new profile?" (new NotFoundError("Could not open the file at /tmp/rust_mozprofilesqSNdr/search.json.mozlz4", (void 0)))
Missing chrome or resource URL: resource://gre/modules/UpdateListener.jsm
Missing chrome or resource URL: resource://gre/modules/UpdateListener.sys.mjs
DevTools listening on ws://localhost:55753/devtools/browser/f66d96ac-d642-431d-96fb-057eaa06cea2
JavaScript warning: https://sell.smartstore.naver.com/app.js?a551cacb15c414488cf2, line 1: unreachable code after return statement
JavaScript warning: https://sell.smartstore.naver.com/app.js?a551cacb15c414488cf2, line 1: unreachable code after return statement
console.warn: LoginRecipes: "getRecipes: falling back to a synchronous message for:" "https://accounts.commerce.naver.com"
JavaScript warning: https://sell.smartstore.naver.com/app.js?a551cacb15c414488cf2, line 1: unreachable code after return statement
JavaScript warning: https://sell.smartstore.naver.com/app.js?a551cacb15c414488cf2, line 1: unreachable code after return statement
JavaScript warning: https://sell.smartstore.naver.com/app.js?a551cacb15c414488cf2, line 1: unreachable code after return statement
JavaScript warning: https://sell.smartstore.naver.com/app.js?a551cacb15c414488cf2, line 1: unreachable code after return statement
JavaScript error: resource://gre/modules/AsyncShutdown.jsm, line 575: NotFoundError: No such JSWindowActor 'DevToolsFrame'
Missing chrome or resource URL: resource://gre/modules/UpdateListener.jsm
Missing chrome or resource URL: resource://gre/modules/UpdateListener.sys.mjs
console.error: "Error during quit-application-granted: [Exception... \"File error: Not found\"  nsresult: \"0x80520012 (NS_ERROR_FILE_NOT_FOUND)\"  location: \"JS frame :: resource:///modules/BrowserGlue.jsm :: _onQuitApplicationGranted/tasks< :: line 1996\"  data: no]"
1663319634965	Marionette	INFO	Stopped listening on port 39179
1663320083317	geckodriver	INFO	Listening on 127.0.0.1:36351
1663320083392	mozrunner::runner	INFO	Running command: "/usr/bin/firefox" "--marionette" "--remote-debugging-port" "40695" "--remote-allow-hosts" "localhost" "-no-remote" "-profile" "/tmp/rust_mozprofilesZweMN"
1663320083943	Marionette	INFO	Marionette enabled
1663320083946	Marionette	INFO	Listening on port 40003
WebDriver BiDi listening on ws://localhost:40695
Read port: 40003
1663320084130	RemoteAgent	WARN	TLS certificate errors will be ignored for this session
console.warn: SearchSettings: "get: No settings file exists, new profile?" (new NotFoundError("Could not open the file at /tmp/rust_mozprofilesZweMN/search.json.mozlz4", (void 0)))
Missing chrome or resource URL: resource://gre/modules/UpdateListener.jsm
Missing chrome or resource URL: resource://gre/modules/UpdateListener.sys.mjs
DevTools listening on ws://localhost:40695/devtools/browser/2e4dcf72-7335-4333-8d1a-28aa23658fa4
JavaScript warning: https://sell.smartstore.naver.com/app.js?a551cacb15c414488cf2, line 1: unreachable code after return statement
JavaScript warning: https://sell.smartstore.naver.com/app.js?a551cacb15c414488cf2, line 1: unreachable code after return statement
console.warn: LoginRecipes: "getRecipes: falling back to a synchronous message for:" "https://accounts.commerce.naver.com"
JavaScript warning: https://sell.smartstore.naver.com/app.js?a551cacb15c414488cf2, line 1: unreachable code after return statement
JavaScript warning: https://sell.smartstore.naver.com/app.js?a551cacb15c414488cf2, line 1: unreachable code after return statement
JavaScript warning: https://sell.smartstore.naver.com/app.js?a551cacb15c414488cf2, line 1: unreachable code after return statement
JavaScript warning: https://sell.smartstore.naver.com/app.js?a551cacb15c414488cf2, line 1: unreachable code after return statement
1663320115718	Marionette	INFO	Stopped listening on port 40003
Missing chrome or resource URL: resource://gre/modules/UpdateListener.jsm
Missing chrome or resource URL: resource://gre/modules/UpdateListener.sys.mjs
console.error: "Error during quit-application-granted: [Exception... \"File error: Not found\"  nsresult: \"0x80520012 (NS_ERROR_FILE_NOT_FOUND)\"  location: \"JS frame :: resource:///modules/BrowserGlue.jsm :: _onQuitApplicationGranted/tasks< :: line 1996\"  data: no]"
Sandbox: Unexpected EOF, op 0 flags 00 path /proc/cpuinfo
1663320186497	geckodriver	INFO	Listening on 127.0.0.1:52317
1663320186560	mozrunner::runner	INFO	Running command: "/usr/bin/firefox" "--marionette" "--remote-debugging-port" "43005" "--remote-allow-hosts" "localhost" "-no-remote" "-profile" "/tmp/rust_mozprofile2HmelV"
1663320187127	Marionette	INFO	Marionette enabled
1663320187130	Marionette	INFO	Listening on port 43179
WebDriver BiDi listening on ws://localhost:43005
Read port: 43179
1663320187220	RemoteAgent	WARN	TLS certificate errors will be ignored for this session
console.warn: SearchSettings: "get: No settings file exists, new profile?" (new NotFoundError("Could not open the file at /tmp/rust_mozprofile2HmelV/search.json.mozlz4", (void 0)))
Missing chrome or resource URL: resource://gre/modules/UpdateListener.jsm
Missing chrome or resource URL: resource://gre/modules/UpdateListener.sys.mjs
DevTools listening on ws://localhost:43005/devtools/browser/79b80a2d-b233-4038-a785-672f5f829cec
JavaScript warning: https://sell.smartstore.naver.com/app.js?a551cacb15c414488cf2, line 1: unreachable code after return statement
JavaScript warning: https://sell.smartstore.naver.com/app.js?a551cacb15c414488cf2, line 1: unreachable code after return statement
console.warn: LoginRecipes: "getRecipes: falling back to a synchronous message for:" "https://accounts.commerce.naver.com"
JavaScript warning: https://sell.smartstore.naver.com/app.js?a551cacb15c414488cf2, line 1: unreachable code after return statement
JavaScript warning: https://sell.smartstore.naver.com/app.js?a551cacb15c414488cf2, line 1: unreachable code after return statement
JavaScript warning: https://sell.smartstore.naver.com/app.js?a551cacb15c414488cf2, line 1: unreachable code after return statement
JavaScript warning: https://sell.smartstore.naver.com/app.js?a551cacb15c414488cf2, line 1: unreachable code after return statement
1663320219525	Marionette	INFO	Stopped listening on port 43179
Missing chrome or resource URL: resource://gre/modules/UpdateListener.jsm
Missing chrome or resource URL: resource://gre/modules/UpdateListener.sys.mjs
console.error: "Error during quit-application-granted: [Exception... \"File error: Not found\"  nsresult: \"0x80520012 (NS_ERROR_FILE_NOT_FOUND)\"  location: \"JS frame :: resource:///modules/BrowserGlue.jsm :: _onQuitApplicationGranted/tasks< :: line 1996\"  data: no]"
1663320332296	geckodriver	INFO	Listening on 127.0.0.1:58875
1663320332372	mozrunner::runner	INFO	Running command: "/usr/bin/firefox" "--marionette" "--remote-debugging-port" "53027" "--remote-allow-hosts" "localhost" "-no-remote" "-profile" "/tmp/rust_mozprofileUgfRdU"
1663320332880	Marionette	INFO	Marionette enabled
1663320332883	Marionette	INFO	Listening on port 39437
WebDriver BiDi listening on ws://localhost:53027
Read port: 39437
1663320333119	RemoteAgent	WARN	TLS certificate errors will be ignored for this session
console.warn: SearchSettings: "get: No settings file exists, new profile?" (new NotFoundError("Could not open the file at /tmp/rust_mozprofileUgfRdU/search.json.mozlz4", (void 0)))
Missing chrome or resource URL: resource://gre/modules/UpdateListener.jsm
Missing chrome or resource URL: resource://gre/modules/UpdateListener.sys.mjs
DevTools listening on ws://localhost:53027/devtools/browser/64c53a1e-3d73-4feb-a133-b1d8b0755da8
JavaScript warning: https://sell.smartstore.naver.com/app.js?a551cacb15c414488cf2, line 1: unreachable code after return statement
JavaScript warning: https://sell.smartstore.naver.com/app.js?a551cacb15c414488cf2, line 1: unreachable code after return statement
console.warn: LoginRecipes: "getRecipes: falling back to a synchronous message for:" "https://accounts.commerce.naver.com"
JavaScript warning: https://sell.smartstore.naver.com/app.js?a551cacb15c414488cf2, line 1: unreachable code after return statement
JavaScript warning: https://sell.smartstore.naver.com/app.js?a551cacb15c414488cf2, line 1: unreachable code after return statement
JavaScript warning: https://sell.smartstore.naver.com/app.js?a551cacb15c414488cf2, line 1: unreachable code after return statement
JavaScript warning: https://sell.smartstore.naver.com/app.js?a551cacb15c414488cf2, line 1: unreachable code after return statement
1663320364653	Marionette	INFO	Stopped listening on port 39437
Missing chrome or resource URL: resource://gre/modules/UpdateListener.jsm
Missing chrome or resource URL: resource://gre/modules/UpdateListener.sys.mjs
console.error: "Error during quit-application-granted: [Exception... \"File error: Not found\"  nsresult: \"0x80520012 (NS_ERROR_FILE_NOT_FOUND)\"  location: \"JS frame :: resource:///modules/BrowserGlue.jsm :: _onQuitApplicationGranted/tasks< :: line 1996\"  data: no]"
1663320381979	geckodriver	INFO	Listening on 127.0.0.1:44565
1663320382052	mozrunner::runner	INFO	Running command: "/usr/bin/firefox" "--marionette" "--remote-debugging-port" "33349" "--remote-allow-hosts" "localhost" "-no-remote" "-profile" "/tmp/rust_mozprofile24XyGu"
1663320382604	Marionette	INFO	Marionette enabled
1663320382607	Marionette	INFO	Listening on port 35033
WebDriver BiDi listening on ws://localhost:33349
Read port: 35033
1663320382786	RemoteAgent	WARN	TLS certificate errors will be ignored for this session
console.warn: SearchSettings: "get: No settings file exists, new profile?" (new NotFoundError("Could not open the file at /tmp/rust_mozprofile24XyGu/search.json.mozlz4", (void 0)))
Missing chrome or resource URL: resource://gre/modules/UpdateListener.jsm
Missing chrome or resource URL: resource://gre/modules/UpdateListener.sys.mjs
DevTools listening on ws://localhost:33349/devtools/browser/9835bb0e-b74c-49b6-b8f8-242f2593657b
JavaScript warning: https://sell.smartstore.naver.com/app.js?a551cacb15c414488cf2, line 1: unreachable code after return statement
JavaScript warning: https://sell.smartstore.naver.com/app.js?a551cacb15c414488cf2, line 1: unreachable code after return statement
console.warn: LoginRecipes: "getRecipes: falling back to a synchronous message for:" "https://accounts.commerce.naver.com"
JavaScript warning: https://sell.smartstore.naver.com/app.js?a551cacb15c414488cf2, line 1: unreachable code after return statement
JavaScript warning: https://sell.smartstore.naver.com/app.js?a551cacb15c414488cf2, line 1: unreachable code after return statement
JavaScript warning: https://sell.smartstore.naver.com/app.js?a551cacb15c414488cf2, line 1: unreachable code after return statement
JavaScript warning: https://sell.smartstore.naver.com/app.js?a551cacb15c414488cf2, line 1: unreachable code after return statement
1663320414562	Marionette	INFO	Stopped listening on port 35033
Missing chrome or resource URL: resource://gre/modules/UpdateListener.jsm
Missing chrome or resource URL: resource://gre/modules/UpdateListener.sys.mjs
console.error: "Error during quit-application-granted: [Exception... \"File error: Not found\"  nsresult: \"0x80520012 (NS_ERROR_FILE_NOT_FOUND)\"  location: \"JS frame :: resource:///modules/BrowserGlue.jsm :: _onQuitApplicationGranted/tasks< :: line 1996\"  data: no]"
1663320432427	geckodriver	INFO	Listening on 127.0.0.1:41793
1663320432500	mozrunner::runner	INFO	Running command: "/usr/bin/firefox" "--marionette" "--remote-debugging-port" "55857" "--remote-allow-hosts" "localhost" "-no-remote" "-profile" "/tmp/rust_mozprofilebwqsdq"
1663320433093	Marionette	INFO	Marionette enabled
1663320433097	Marionette	INFO	Listening on port 41613
Read port: 41613
WebDriver BiDi listening on ws://localhost:55857
1663320433186	RemoteAgent	WARN	TLS certificate errors will be ignored for this session
console.warn: SearchSettings: "get: No settings file exists, new profile?" (new NotFoundError("Could not open the file at /tmp/rust_mozprofilebwqsdq/search.json.mozlz4", (void 0)))
Missing chrome or resource URL: resource://gre/modules/UpdateListener.jsm
Missing chrome or resource URL: resource://gre/modules/UpdateListener.sys.mjs
DevTools listening on ws://localhost:55857/devtools/browser/d4e4ac96-2ad5-40c4-9d0a-a2d5cee4c8e5
JavaScript warning: https://sell.smartstore.naver.com/app.js?a551cacb15c414488cf2, line 1: unreachable code after return statement
JavaScript warning: https://sell.smartstore.naver.com/app.js?a551cacb15c414488cf2, line 1: unreachable code after return statement
console.warn: LoginRecipes: "getRecipes: falling back to a synchronous message for:" "https://accounts.commerce.naver.com"
JavaScript warning: https://sell.smartstore.naver.com/app.js?a551cacb15c414488cf2, line 1: unreachable code after return statement
JavaScript warning: https://sell.smartstore.naver.com/app.js?a551cacb15c414488cf2, line 1: unreachable code after return statement
JavaScript warning: https://sell.smartstore.naver.com/app.js?a551cacb15c414488cf2, line 1: unreachable code after return statement
JavaScript warning: https://sell.smartstore.naver.com/app.js?a551cacb15c414488cf2, line 1: unreachable code after return statement
Missing chrome or resource URL: resource://gre/modules/UpdateListener.jsm
Missing chrome or resource URL: resource://gre/modules/UpdateListener.sys.mjs
console.error: "Error during quit-application-granted: [Exception... \"File error: Not found\"  nsresult: \"0x80520012 (NS_ERROR_FILE_NOT_FOUND)\"  location: \"JS frame :: resource:///modules/BrowserGlue.jsm :: _onQuitApplicationGranted/tasks< :: line 1996\"  data: no]"
1663320500750	Marionette	INFO	Stopped listening on port 41613
console.warn: TopSitesFeed: Failed to fetch data from Contile server: NetworkError when attempting to fetch resource.
Sandbox: Unexpected EOF, op 0 flags 00 path /proc/cpuinfo
1663320539203	geckodriver	INFO	Listening on 127.0.0.1:36953
1663320539268	mozrunner::runner	INFO	Running command: "/usr/bin/firefox" "--marionette" "--remote-debugging-port" "45655" "--remote-allow-hosts" "localhost" "-no-remote" "-profile" "/tmp/rust_mozprofilebnAg86"
1663320539842	Marionette	INFO	Marionette enabled
1663320539846	Marionette	INFO	Listening on port 45093
WebDriver BiDi listening on ws://localhost:45655
Read port: 45093
1663320539937	RemoteAgent	WARN	TLS certificate errors will be ignored for this session
console.warn: SearchSettings: "get: No settings file exists, new profile?" (new NotFoundError("Could not open the file at /tmp/rust_mozprofilebnAg86/search.json.mozlz4", (void 0)))
Missing chrome or resource URL: resource://gre/modules/UpdateListener.jsm
Missing chrome or resource URL: resource://gre/modules/UpdateListener.sys.mjs
DevTools listening on ws://localhost:45655/devtools/browser/77a18fd2-64ed-467c-9695-5d96b7fbe534
JavaScript warning: https://sell.smartstore.naver.com/app.js?a551cacb15c414488cf2, line 1: unreachable code after return statement
JavaScript warning: https://sell.smartstore.naver.com/app.js?a551cacb15c414488cf2, line 1: unreachable code after return statement
console.warn: LoginRecipes: "getRecipes: falling back to a synchronous message for:" "https://accounts.commerce.naver.com"
JavaScript warning: https://sell.smartstore.naver.com/app.js?a551cacb15c414488cf2, line 1: unreachable code after return statement
JavaScript warning: https://sell.smartstore.naver.com/app.js?a551cacb15c414488cf2, line 1: unreachable code after return statement
JavaScript warning: https://sell.smartstore.naver.com/app.js?a551cacb15c414488cf2, line 1: unreachable code after return statement
JavaScript warning: https://sell.smartstore.naver.com/app.js?a551cacb15c414488cf2, line 1: unreachable code after return statement
1663320571492	Marionette	INFO	Stopped listening on port 45093
Missing chrome or resource URL: resource://gre/modules/UpdateListener.jsm
Missing chrome or resource URL: resource://gre/modules/UpdateListener.sys.mjs
console.error: "Error during quit-application-granted: [Exception... \"File error: Not found\"  nsresult: \"0x80520012 (NS_ERROR_FILE_NOT_FOUND)\"  location: \"JS frame :: resource:///modules/BrowserGlue.jsm :: _onQuitApplicationGranted/tasks< :: line 1996\"  data: no]"
Sandbox: Unexpected EOF, op 0 flags 00 path /proc/cpuinfo
1663320719316	geckodriver	INFO	Listening on 127.0.0.1:56655
1663320719389	mozrunner::runner	INFO	Running command: "/usr/bin/firefox" "--marionette" "--remote-debugging-port" "34963" "--remote-allow-hosts" "localhost" "-no-remote" "-profile" "/tmp/rust_mozprofileS6R1wg"
1663320719930	Marionette	INFO	Marionette enabled
1663320719945	Marionette	INFO	Listening on port 40057
WebDriver BiDi listening on ws://localhost:34963
Read port: 40057
1663320720034	RemoteAgent	WARN	TLS certificate errors will be ignored for this session
console.warn: SearchSettings: "get: No settings file exists, new profile?" (new NotFoundError("Could not open the file at /tmp/rust_mozprofileS6R1wg/search.json.mozlz4", (void 0)))
Missing chrome or resource URL: resource://gre/modules/UpdateListener.jsm
Missing chrome or resource URL: resource://gre/modules/UpdateListener.sys.mjs
DevTools listening on ws://localhost:34963/devtools/browser/993cb0e7-715d-43e1-a209-d80bf3461661
JavaScript warning: https://sell.smartstore.naver.com/app.js?a551cacb15c414488cf2, line 1: unreachable code after return statement
JavaScript warning: https://sell.smartstore.naver.com/app.js?a551cacb15c414488cf2, line 1: unreachable code after return statement
console.warn: LoginRecipes: "getRecipes: falling back to a synchronous message for:" "https://accounts.commerce.naver.com"
JavaScript warning: https://sell.smartstore.naver.com/app.js?a551cacb15c414488cf2, line 1: unreachable code after return statement
JavaScript warning: https://sell.smartstore.naver.com/app.js?a551cacb15c414488cf2, line 1: unreachable code after return statement
JavaScript warning: https://sell.smartstore.naver.com/app.js?a551cacb15c414488cf2, line 1: unreachable code after return statement
JavaScript warning: https://sell.smartstore.naver.com/app.js?a551cacb15c414488cf2, line 1: unreachable code after return statement
1663320745210	Marionette	INFO	Stopped listening on port 40057
Missing chrome or resource URL: resource://gre/modules/UpdateListener.jsm
Missing chrome or resource URL: resource://gre/modules/UpdateListener.sys.mjs
console.error: "Error during quit-application-granted: [Exception... \"File error: Not found\"  nsresult: \"0x80520012 (NS_ERROR_FILE_NOT_FOUND)\"  location: \"JS frame :: resource:///modules/BrowserGlue.jsm :: _onQuitApplicationGranted/tasks< :: line 1996\"  data: no]"
1663320792763	geckodriver	INFO	Listening on 127.0.0.1:58503
1663320792841	mozrunner::runner	INFO	Running command: "/usr/bin/firefox" "--marionette" "--remote-debugging-port" "46959" "--remote-allow-hosts" "localhost" "-no-remote" "-profile" "/tmp/rust_mozprofile5Bo33H"
1663320793430	Marionette	INFO	Marionette enabled
1663320793433	Marionette	INFO	Listening on port 40003
WebDriver BiDi listening on ws://localhost:46959
Read port: 40003
1663320793519	RemoteAgent	WARN	TLS certificate errors will be ignored for this session
console.warn: SearchSettings: "get: No settings file exists, new profile?" (new NotFoundError("Could not open the file at /tmp/rust_mozprofile5Bo33H/search.json.mozlz4", (void 0)))
Missing chrome or resource URL: resource://gre/modules/UpdateListener.jsm
Missing chrome or resource URL: resource://gre/modules/UpdateListener.sys.mjs
DevTools listening on ws://localhost:46959/devtools/browser/a88f003b-b9be-4d44-b5ff-e854112523ac
JavaScript warning: https://sell.smartstore.naver.com/app.js?a551cacb15c414488cf2, line 1: unreachable code after return statement
JavaScript warning: https://sell.smartstore.naver.com/app.js?a551cacb15c414488cf2, line 1: unreachable code after return statement
console.warn: LoginRecipes: "getRecipes: falling back to a synchronous message for:" "https://accounts.commerce.naver.com"
JavaScript warning: https://sell.smartstore.naver.com/app.js?a551cacb15c414488cf2, line 1: unreachable code after return statement
JavaScript warning: https://sell.smartstore.naver.com/app.js?a551cacb15c414488cf2, line 1: unreachable code after return statement
JavaScript warning: https://sell.smartstore.naver.com/app.js?a551cacb15c414488cf2, line 1: unreachable code after return statement
JavaScript warning: https://sell.smartstore.naver.com/app.js?a551cacb15c414488cf2, line 1: unreachable code after return statement
1663320820177	Marionette	INFO	Stopped listening on port 40003
Missing chrome or resource URL: resource://gre/modules/UpdateListener.jsm
Missing chrome or resource URL: resource://gre/modules/UpdateListener.sys.mjs
console.error: "Error during quit-application-granted: [Exception... \"File error: Not found\"  nsresult: \"0x80520012 (NS_ERROR_FILE_NOT_FOUND)\"  location: \"JS frame :: resource:///modules/BrowserGlue.jsm :: _onQuitApplicationGranted/tasks< :: line 1996\"  data: no]"
1663321218862	geckodriver	INFO	Listening on 127.0.0.1:41851
1663321219014	mozrunner::runner	INFO	Running command: "/usr/bin/firefox" "--marionette" "--remote-debugging-port" "48155" "--remote-allow-hosts" "localhost" "-no-remote" "-profile" "/tmp/rust_mozprofile8A0xIi"
1663321219557	Marionette	INFO	Marionette enabled
1663321219561	Marionette	INFO	Listening on port 39437
WebDriver BiDi listening on ws://localhost:48155
Read port: 39437
1663321219658	RemoteAgent	WARN	TLS certificate errors will be ignored for this session
console.warn: SearchSettings: "get: No settings file exists, new profile?" (new NotFoundError("Could not open the file at /tmp/rust_mozprofile8A0xIi/search.json.mozlz4", (void 0)))
Missing chrome or resource URL: resource://gre/modules/UpdateListener.jsm
Missing chrome or resource URL: resource://gre/modules/UpdateListener.sys.mjs
DevTools listening on ws://localhost:48155/devtools/browser/b2ef2de8-ebf3-4d43-9f3e-95de29480dd7
JavaScript warning: https://sell.smartstore.naver.com/app.js?a551cacb15c414488cf2, line 1: unreachable code after return statement
JavaScript warning: https://sell.smartstore.naver.com/app.js?a551cacb15c414488cf2, line 1: unreachable code after return statement
console.warn: LoginRecipes: "getRecipes: falling back to a synchronous message for:" "https://accounts.commerce.naver.com"
JavaScript warning: https://sell.smartstore.naver.com/app.js?a551cacb15c414488cf2, line 1: unreachable code after return statement
JavaScript warning: https://sell.smartstore.naver.com/app.js?a551cacb15c414488cf2, line 1: unreachable code after return statement
JavaScript warning: https://sell.smartstore.naver.com/app.js?a551cacb15c414488cf2, line 1: unreachable code after return statement
JavaScript warning: https://sell.smartstore.naver.com/app.js?a551cacb15c414488cf2, line 1: unreachable code after return statement
1663321245028	Marionette	INFO	Stopped listening on port 39437
Missing chrome or resource URL: resource://gre/modules/UpdateListener.jsm
Missing chrome or resource URL: resource://gre/modules/UpdateListener.sys.mjs
console.error: "Error during quit-application-granted: [Exception... \"File error: Not found\"  nsresult: \"0x80520012 (NS_ERROR_FILE_NOT_FOUND)\"  location: \"JS frame :: resource:///modules/BrowserGlue.jsm :: _onQuitApplicationGranted/tasks< :: line 1996\"  data: no]"
Sandbox: Unexpected EOF, op 0 flags 00 path /proc/cpuinfo
1663322616203	geckodriver	INFO	Listening on 127.0.0.1:48861
1663322616800	mozrunner::runner	INFO	Running command: "/usr/bin/firefox" "--marionette" "--remote-debugging-port" "33625" "--remote-allow-hosts" "localhost" "-no-remote" "-profile" "/tmp/rust_mozprofileirjHk4"
1663322617361	Marionette	INFO	Marionette enabled
1663322617367	Marionette	INFO	Listening on port 37629
WebDriver BiDi listening on ws://localhost:33625
Read port: 37629
1663322617575	RemoteAgent	WARN	TLS certificate errors will be ignored for this session
console.warn: SearchSettings: "get: No settings file exists, new profile?" (new NotFoundError("Could not open the file at /tmp/rust_mozprofileirjHk4/search.json.mozlz4", (void 0)))
Missing chrome or resource URL: resource://gre/modules/UpdateListener.jsm
Missing chrome or resource URL: resource://gre/modules/UpdateListener.sys.mjs
DevTools listening on ws://localhost:33625/devtools/browser/09432af0-2b43-45ce-b323-de43e42aaa1b
JavaScript warning: https://sell.smartstore.naver.com/app.js?a551cacb15c414488cf2, line 1: unreachable code after return statement
JavaScript warning: https://sell.smartstore.naver.com/app.js?a551cacb15c414488cf2, line 1: unreachable code after return statement
console.warn: LoginRecipes: "getRecipes: falling back to a synchronous message for:" "https://accounts.commerce.naver.com"
JavaScript warning: https://sell.smartstore.naver.com/app.js?a551cacb15c414488cf2, line 1: unreachable code after return statement
JavaScript warning: https://sell.smartstore.naver.com/app.js?a551cacb15c414488cf2, line 1: unreachable code after return statement
JavaScript warning: https://sell.smartstore.naver.com/app.js?a551cacb15c414488cf2, line 1: unreachable code after return statement
JavaScript warning: https://sell.smartstore.naver.com/app.js?a551cacb15c414488cf2, line 1: unreachable code after return statement
Missing chrome or resource URL: resource://gre/modules/UpdateListener.jsm
Missing chrome or resource URL: resource://gre/modules/UpdateListener.sys.mjs
console.error: "Error during quit-application-granted: [Exception... \"File error: Not found\"  nsresult: \"0x80520012 (NS_ERROR_FILE_NOT_FOUND)\"  location: \"JS frame :: resource:///modules/BrowserGlue.jsm :: _onQuitApplicationGranted/tasks< :: line 1996\"  data: no]"
1663322635946	Marionette	INFO	Stopped listening on port 37629
console.warn: TopSitesFeed: Failed to fetch data from Contile server: NetworkError when attempting to fetch resource.
1663322636075	geckodriver::marionette	ERROR	Failed to close browser connection: Socket not connected (os error 107)
JavaScript error: resource://gre/modules/AsyncShutdown.jsm, line 575: uncaught exception: Object
[2022-09-16T10:03:56Z ERROR glean] Can't persist ping lifetime data: Error { kind: Rkv(IoError(Os { code: 2, kind: NotFound, message: "그런 파일이나 디렉터리가 없습니다" })) }
Sandbox: Unexpected EOF, op 0 flags 00 path /proc/cpuinfo
1663323009672	geckodriver	INFO	Listening on 127.0.0.1:51309
1663323009742	mozrunner::runner	INFO	Running command: "/usr/bin/firefox" "--marionette" "--remote-debugging-port" "55263" "--remote-allow-hosts" "localhost" "-no-remote" "-profile" "/tmp/rust_mozprofileqkc7l3"
1663323010293	Marionette	INFO	Marionette enabled
1663323010296	Marionette	INFO	Listening on port 42293
WebDriver BiDi listening on ws://localhost:55263
Read port: 42293
1663323010480	RemoteAgent	WARN	TLS certificate errors will be ignored for this session
console.warn: SearchSettings: "get: No settings file exists, new profile?" (new NotFoundError("Could not open the file at /tmp/rust_mozprofileqkc7l3/search.json.mozlz4", (void 0)))
Missing chrome or resource URL: resource://gre/modules/UpdateListener.jsm
Missing chrome or resource URL: resource://gre/modules/UpdateListener.sys.mjs
DevTools listening on ws://localhost:55263/devtools/browser/0afa5498-073e-4891-941b-59e2ec547dd7
JavaScript warning: https://sell.smartstore.naver.com/app.js?a551cacb15c414488cf2, line 1: unreachable code after return statement
JavaScript warning: https://sell.smartstore.naver.com/app.js?a551cacb15c414488cf2, line 1: unreachable code after return statement
console.warn: LoginRecipes: "getRecipes: falling back to a synchronous message for:" "https://accounts.commerce.naver.com"
JavaScript warning: https://sell.smartstore.naver.com/app.js?a551cacb15c414488cf2, line 1: unreachable code after return statement
JavaScript warning: https://sell.smartstore.naver.com/app.js?a551cacb15c414488cf2, line 1: unreachable code after return statement
JavaScript warning: https://sell.smartstore.naver.com/app.js?a551cacb15c414488cf2, line 1: unreachable code after return statement
JavaScript warning: https://sell.smartstore.naver.com/app.js?a551cacb15c414488cf2, line 1: unreachable code after return statement
Missing chrome or resource URL: resource://gre/modules/UpdateListener.jsm
Missing chrome or resource URL: resource://gre/modules/UpdateListener.sys.mjs
console.error: "Error during quit-application-granted: [Exception... \"File error: Not found\"  nsresult: \"0x80520012 (NS_ERROR_FILE_NOT_FOUND)\"  location: \"JS frame :: resource:///modules/BrowserGlue.jsm :: _onQuitApplicationGranted/tasks< :: line 1996\"  data: no]"
1663323029929	Marionette	INFO	Stopped listening on port 42293
console.warn: TopSitesFeed: Failed to fetch data from Contile server: NetworkError when attempting to fetch resource.
Sandbox: Unexpected EOF, op 0 flags 00 path /proc/cpuinfo
1663323030435	geckodriver::marionette	ERROR	Failed to close browser connection: Socket not connected (os error 107)
1663323333921	geckodriver	INFO	Listening on 127.0.0.1:58221
1663323333999	mozrunner::runner	INFO	Running command: "/usr/bin/firefox" "--marionette" "--remote-debugging-port" "42945" "--remote-allow-hosts" "localhost" "-no-remote" "-profile" "/tmp/rust_mozprofileKjccVP"
1663323334577	Marionette	INFO	Marionette enabled
1663323334581	Marionette	INFO	Listening on port 39345
WebDriver BiDi listening on ws://localhost:42945
Read port: 39345
1663323334669	RemoteAgent	WARN	TLS certificate errors will be ignored for this session
console.warn: SearchSettings: "get: No settings file exists, new profile?" (new NotFoundError("Could not open the file at /tmp/rust_mozprofileKjccVP/search.json.mozlz4", (void 0)))
Missing chrome or resource URL: resource://gre/modules/UpdateListener.jsm
Missing chrome or resource URL: resource://gre/modules/UpdateListener.sys.mjs
DevTools listening on ws://localhost:42945/devtools/browser/2ceaf13c-1ae0-436d-b174-0e8e8101e334
JavaScript warning: https://sell.smartstore.naver.com/app.js?a551cacb15c414488cf2, line 1: unreachable code after return statement
JavaScript warning: https://sell.smartstore.naver.com/app.js?a551cacb15c414488cf2, line 1: unreachable code after return statement
console.warn: LoginRecipes: "getRecipes: falling back to a synchronous message for:" "https://accounts.commerce.naver.com"
JavaScript warning: https://sell.smartstore.naver.com/app.js?a551cacb15c414488cf2, line 1: unreachable code after return statement
JavaScript warning: https://sell.smartstore.naver.com/app.js?a551cacb15c414488cf2, line 1: unreachable code after return statement
JavaScript warning: https://sell.smartstore.naver.com/app.js?a551cacb15c414488cf2, line 1: unreachable code after return statement
JavaScript warning: https://sell.smartstore.naver.com/app.js?a551cacb15c414488cf2, line 1: unreachable code after return statement
Missing chrome or resource URL: resource://gre/modules/UpdateListener.jsm
Missing chrome or resource URL: resource://gre/modules/UpdateListener.sys.mjs
console.error: "Error during quit-application-granted: [Exception... \"File error: Not found\"  nsresult: \"0x80520012 (NS_ERROR_FILE_NOT_FOUND)\"  location: \"JS frame :: resource:///modules/BrowserGlue.jsm :: _onQuitApplicationGranted/tasks< :: line 1996\"  data: no]"
1663323359616	Marionette	INFO	Stopped listening on port 39345
console.warn: TopSitesFeed: Failed to fetch data from Contile server: NetworkError when attempting to fetch resource.
1663323381877	geckodriver	INFO	Listening on 127.0.0.1:46453
1663323381946	mozrunner::runner	INFO	Running command: "/usr/bin/firefox" "--marionette" "--remote-debugging-port" "33347" "--remote-allow-hosts" "localhost" "-no-remote" "-profile" "/tmp/rust_mozprofileZ08WBw"
1663323382498	Marionette	INFO	Marionette enabled
1663323382502	Marionette	INFO	Listening on port 33773
WebDriver BiDi listening on ws://localhost:33347
Read port: 33773
1663323382677	RemoteAgent	WARN	TLS certificate errors will be ignored for this session
console.warn: SearchSettings: "get: No settings file exists, new profile?" (new NotFoundError("Could not open the file at /tmp/rust_mozprofileZ08WBw/search.json.mozlz4", (void 0)))
Missing chrome or resource URL: resource://gre/modules/UpdateListener.jsm
Missing chrome or resource URL: resource://gre/modules/UpdateListener.sys.mjs
DevTools listening on ws://localhost:33347/devtools/browser/96d98866-5885-43e2-8ae9-7f5bd5e37dd7
JavaScript warning: https://sell.smartstore.naver.com/app.js?a551cacb15c414488cf2, line 1: unreachable code after return statement
JavaScript warning: https://sell.smartstore.naver.com/app.js?a551cacb15c414488cf2, line 1: unreachable code after return statement
console.warn: LoginRecipes: "getRecipes: falling back to a synchronous message for:" "https://accounts.commerce.naver.com"
JavaScript warning: https://sell.smartstore.naver.com/app.js?a551cacb15c414488cf2, line 1: unreachable code after return statement
JavaScript warning: https://sell.smartstore.naver.com/app.js?a551cacb15c414488cf2, line 1: unreachable code after return statement
JavaScript warning: https://sell.smartstore.naver.com/app.js?a551cacb15c414488cf2, line 1: unreachable code after return statement
JavaScript warning: https://sell.smartstore.naver.com/app.js?a551cacb15c414488cf2, line 1: unreachable code after return statement
Exiting due to channel error.
Exiting due to channel error.
Exiting due to channel error.
1663323476094	geckodriver	INFO	Listening on 127.0.0.1:34275
1663323476167	mozrunner::runner	INFO	Running command: "/usr/bin/firefox" "--marionette" "--remote-debugging-port" "54033" "--remote-allow-hosts" "localhost" "-no-remote" "-profile" "/tmp/rust_mozprofilebJ0fh3"
1663323476722	Marionette	INFO	Marionette enabled
1663323476726	Marionette	INFO	Listening on port 40039
WebDriver BiDi listening on ws://localhost:54033
Read port: 40039
1663323476827	RemoteAgent	WARN	TLS certificate errors will be ignored for this session
console.warn: SearchSettings: "get: No settings file exists, new profile?" (new NotFoundError("Could not open the file at /tmp/rust_mozprofilebJ0fh3/search.json.mozlz4", (void 0)))
Missing chrome or resource URL: resource://gre/modules/UpdateListener.jsm
Missing chrome or resource URL: resource://gre/modules/UpdateListener.sys.mjs
DevTools listening on ws://localhost:54033/devtools/browser/4706701c-4eaa-4c8d-a9f9-22d0d1c5e3af
JavaScript warning: https://sell.smartstore.naver.com/app.js?a551cacb15c414488cf2, line 1: unreachable code after return statement
JavaScript warning: https://sell.smartstore.naver.com/app.js?a551cacb15c414488cf2, line 1: unreachable code after return statement
console.warn: LoginRecipes: "getRecipes: falling back to a synchronous message for:" "https://accounts.commerce.naver.com"
JavaScript warning: https://sell.smartstore.naver.com/app.js?a551cacb15c414488cf2, line 1: unreachable code after return statement
JavaScript warning: https://sell.smartstore.naver.com/app.js?a551cacb15c414488cf2, line 1: unreachable code after return statement
JavaScript warning: https://sell.smartstore.naver.com/app.js?a551cacb15c414488cf2, line 1: unreachable code after return statement
JavaScript warning: https://sell.smartstore.naver.com/app.js?a551cacb15c414488cf2, line 1: unreachable code after return statement
Exiting due to channel error.
Exiting due to channel error.
Exiting due to channel error.
1663323735743	geckodriver	INFO	Listening on 127.0.0.1:44697
1663323737130	mozrunner::runner	INFO	Running command: "/usr/bin/firefox" "--marionette" "--remote-debugging-port" "45993" "--remote-allow-hosts" "localhost" "-no-remote" "-profile" "/tmp/rust_mozprofileegBBBM"
1663323737702	Marionette	INFO	Marionette enabled
1663323737705	Marionette	INFO	Listening on port 33165
WebDriver BiDi listening on ws://localhost:45993
Read port: 33165
1663323737797	RemoteAgent	WARN	TLS certificate errors will be ignored for this session
console.warn: SearchSettings: "get: No settings file exists, new profile?" (new NotFoundError("Could not open the file at /tmp/rust_mozprofileegBBBM/search.json.mozlz4", (void 0)))
Missing chrome or resource URL: resource://gre/modules/UpdateListener.jsm
Missing chrome or resource URL: resource://gre/modules/UpdateListener.sys.mjs
DevTools listening on ws://localhost:45993/devtools/browser/804177ee-f0fd-46f6-a13b-425a2f3d5361
JavaScript warning: https://sell.smartstore.naver.com/app.js?a551cacb15c414488cf2, line 1: unreachable code after return statement
JavaScript warning: https://sell.smartstore.naver.com/app.js?a551cacb15c414488cf2, line 1: unreachable code after return statement
console.warn: LoginRecipes: "getRecipes: falling back to a synchronous message for:" "https://accounts.commerce.naver.com"
JavaScript warning: https://sell.smartstore.naver.com/app.js?a551cacb15c414488cf2, line 1: unreachable code after return statement
JavaScript warning: https://sell.smartstore.naver.com/app.js?a551cacb15c414488cf2, line 1: unreachable code after return statement
JavaScript warning: https://sell.smartstore.naver.com/app.js?a551cacb15c414488cf2, line 1: unreachable code after return statement
JavaScript warning: https://sell.smartstore.naver.com/app.js?a551cacb15c414488cf2, line 1: unreachable code after return statement
Exiting due to channel error.
Exiting due to channel error.
Exiting due to channel error.
1663324212065	geckodriver	INFO	Listening on 127.0.0.1:33463
1663324212130	mozrunner::runner	INFO	Running command: "/usr/bin/firefox" "--marionette" "--remote-debugging-port" "57007" "--remote-allow-hosts" "localhost" "-no-remote" "-profile" "/tmp/rust_mozprofileHriTic"
1663324212731	Marionette	INFO	Marionette enabled
1663324212734	Marionette	INFO	Listening on port 36491
WebDriver BiDi listening on ws://localhost:57007
Read port: 36491
1663324212992	RemoteAgent	WARN	TLS certificate errors will be ignored for this session
console.warn: SearchSettings: "get: No settings file exists, new profile?" (new NotFoundError("Could not open the file at /tmp/rust_mozprofileHriTic/search.json.mozlz4", (void 0)))
Missing chrome or resource URL: resource://gre/modules/UpdateListener.jsm
Missing chrome or resource URL: resource://gre/modules/UpdateListener.sys.mjs
DevTools listening on ws://localhost:57007/devtools/browser/850f52a2-d4d2-46ca-a1f4-0adc6d753b15
JavaScript warning: https://sell.smartstore.naver.com/app.js?a551cacb15c414488cf2, line 1: unreachable code after return statement
JavaScript warning: https://sell.smartstore.naver.com/app.js?a551cacb15c414488cf2, line 1: unreachable code after return statement
console.warn: LoginRecipes: "getRecipes: falling back to a synchronous message for:" "https://accounts.commerce.naver.com"
JavaScript warning: https://sell.smartstore.naver.com/app.js?a551cacb15c414488cf2, line 1: unreachable code after return statement
JavaScript warning: https://sell.smartstore.naver.com/app.js?a551cacb15c414488cf2, line 1: unreachable code after return statement
JavaScript warning: https://sell.smartstore.naver.com/app.js?a551cacb15c414488cf2, line 1: unreachable code after return statement
JavaScript warning: https://sell.smartstore.naver.com/app.js?a551cacb15c414488cf2, line 1: unreachable code after return statement
JavaScript error: https://sell.smartstore.naver.com/app.js?a551cacb15c414488cf2, line 1: TypeError: e is not a function
Missing chrome or resource URL: resource://gre/modules/UpdateListener.jsm
Missing chrome or resource URL: resource://gre/modules/UpdateListener.sys.mjs
console.error: "Error during quit-application-granted: [Exception... \"File error: Not found\"  nsresult: \"0x80520012 (NS_ERROR_FILE_NOT_FOUND)\"  location: \"JS frame :: resource:///modules/BrowserGlue.jsm :: _onQuitApplicationGranted/tasks< :: line 1996\"  data: no]"
1663324264714	Marionette	INFO	Stopped listening on port 36491
console.warn: TopSitesFeed: Failed to fetch data from Contile server: NetworkError when attempting to fetch resource.
Sandbox: Unexpected EOF, op 0 flags 00 path /proc/cpuinfo
1663324405479	geckodriver	INFO	Listening on 127.0.0.1:59151
1663324405546	mozrunner::runner	INFO	Running command: "/usr/bin/firefox" "--marionette" "--remote-debugging-port" "54053" "--remote-allow-hosts" "localhost" "-no-remote" "-profile" "/tmp/rust_mozprofileqMfAqt"
1663324406118	Marionette	INFO	Marionette enabled
1663324406121	Marionette	INFO	Listening on port 42725
WebDriver BiDi listening on ws://localhost:54053
Read port: 42725
1663324406209	RemoteAgent	WARN	TLS certificate errors will be ignored for this session
console.warn: SearchSettings: "get: No settings file exists, new profile?" (new NotFoundError("Could not open the file at /tmp/rust_mozprofileqMfAqt/search.json.mozlz4", (void 0)))
Missing chrome or resource URL: resource://gre/modules/UpdateListener.jsm
Missing chrome or resource URL: resource://gre/modules/UpdateListener.sys.mjs
DevTools listening on ws://localhost:54053/devtools/browser/ef230a3e-2597-4626-a2f4-27c89e983a36
JavaScript warning: https://sell.smartstore.naver.com/app.js?a551cacb15c414488cf2, line 1: unreachable code after return statement
JavaScript warning: https://sell.smartstore.naver.com/app.js?a551cacb15c414488cf2, line 1: unreachable code after return statement
console.warn: LoginRecipes: "getRecipes: falling back to a synchronous message for:" "https://accounts.commerce.naver.com"
JavaScript warning: https://sell.smartstore.naver.com/app.js?a551cacb15c414488cf2, line 1: unreachable code after return statement
JavaScript warning: https://sell.smartstore.naver.com/app.js?a551cacb15c414488cf2, line 1: unreachable code after return statement
JavaScript warning: https://sell.smartstore.naver.com/app.js?a551cacb15c414488cf2, line 1: unreachable code after return statement
JavaScript warning: https://sell.smartstore.naver.com/app.js?a551cacb15c414488cf2, line 1: unreachable code after return statement
JavaScript error: https://sell.smartstore.naver.com/app.js?a551cacb15c414488cf2, line 1: TypeError: e is not a function
Missing chrome or resource URL: resource://gre/modules/UpdateListener.jsm
Missing chrome or resource URL: resource://gre/modules/UpdateListener.sys.mjs
console.error: "Error during quit-application-granted: [Exception... \"File error: Not found\"  nsresult: \"0x80520012 (NS_ERROR_FILE_NOT_FOUND)\"  location: \"JS frame :: resource:///modules/BrowserGlue.jsm :: _onQuitApplicationGranted/tasks< :: line 1996\"  data: no]"
1663324439350	Marionette	INFO	Stopped listening on port 42725
console.warn: TopSitesFeed: Failed to fetch data from Contile server: NetworkError when attempting to fetch resource.
Sandbox: Unexpected EOF, op 0 flags 00 path /proc/cpuinfo
1663324978060	geckodriver	INFO	Listening on 127.0.0.1:43399
1663324978132	mozrunner::runner	INFO	Running command: "/usr/bin/firefox" "--marionette" "--remote-debugging-port" "49845" "--remote-allow-hosts" "localhost" "-no-remote" "-profile" "/tmp/rust_mozprofileuWizpW"
1663324978708	Marionette	INFO	Marionette enabled
1663324978711	Marionette	INFO	Listening on port 39081
WebDriver BiDi listening on ws://localhost:49845
Read port: 39081
1663324978797	RemoteAgent	WARN	TLS certificate errors will be ignored for this session
console.warn: SearchSettings: "get: No settings file exists, new profile?" (new NotFoundError("Could not open the file at /tmp/rust_mozprofileuWizpW/search.json.mozlz4", (void 0)))
Missing chrome or resource URL: resource://gre/modules/UpdateListener.jsm
Missing chrome or resource URL: resource://gre/modules/UpdateListener.sys.mjs
DevTools listening on ws://localhost:49845/devtools/browser/863a858d-fe6f-4c3c-9b97-7ba4270fb064
JavaScript warning: https://sell.smartstore.naver.com/app.js?a551cacb15c414488cf2, line 1: unreachable code after return statement
JavaScript warning: https://sell.smartstore.naver.com/app.js?a551cacb15c414488cf2, line 1: unreachable code after return statement
console.warn: LoginRecipes: "getRecipes: falling back to a synchronous message for:" "https://accounts.commerce.naver.com"
JavaScript warning: https://sell.smartstore.naver.com/app.js?a551cacb15c414488cf2, line 1: unreachable code after return statement
JavaScript warning: https://sell.smartstore.naver.com/app.js?a551cacb15c414488cf2, line 1: unreachable code after return statement
JavaScript warning: https://sell.smartstore.naver.com/app.js?a551cacb15c414488cf2, line 1: unreachable code after return statement
JavaScript warning: https://sell.smartstore.naver.com/app.js?a551cacb15c414488cf2, line 1: unreachable code after return statement
JavaScript error: https://sell.smartstore.naver.com/app.js?a551cacb15c414488cf2, line 1: TypeError: e is not a function
Missing chrome or resource URL: resource://gre/modules/UpdateListener.jsm
Missing chrome or resource URL: resource://gre/modules/UpdateListener.sys.mjs
console.error: "Error during quit-application-granted: [Exception... \"File error: Not found\"  nsresult: \"0x80520012 (NS_ERROR_FILE_NOT_FOUND)\"  location: \"JS frame :: resource:///modules/BrowserGlue.jsm :: _onQuitApplicationGranted/tasks< :: line 1996\"  data: no]"
1663325015600	Marionette	INFO	Stopped listening on port 39081
console.warn: TopSitesFeed: Failed to fetch data from Contile server: NetworkError when attempting to fetch resource.
1663325633025	geckodriver	INFO	Listening on 127.0.0.1:56889
1663325633099	mozrunner::runner	INFO	Running command: "/usr/bin/firefox" "--marionette" "--remote-debugging-port" "55273" "--remote-allow-hosts" "localhost" "-no-remote" "-profile" "/tmp/rust_mozprofile6ynz8o"
1663325633647	Marionette	INFO	Marionette enabled
1663325633650	Marionette	INFO	Listening on port 38343
WebDriver BiDi listening on ws://localhost:55273
Read port: 38343
1663325633819	RemoteAgent	WARN	TLS certificate errors will be ignored for this session
console.warn: SearchSettings: "get: No settings file exists, new profile?" (new NotFoundError("Could not open the file at /tmp/rust_mozprofile6ynz8o/search.json.mozlz4", (void 0)))
Missing chrome or resource URL: resource://gre/modules/UpdateListener.jsm
Missing chrome or resource URL: resource://gre/modules/UpdateListener.sys.mjs
DevTools listening on ws://localhost:55273/devtools/browser/8e1ac870-d16a-454f-bb31-69fb8749e220
JavaScript warning: https://sell.smartstore.naver.com/app.js?a551cacb15c414488cf2, line 1: unreachable code after return statement
JavaScript warning: https://sell.smartstore.naver.com/app.js?a551cacb15c414488cf2, line 1: unreachable code after return statement
console.warn: LoginRecipes: "getRecipes: falling back to a synchronous message for:" "https://accounts.commerce.naver.com"
JavaScript warning: https://sell.smartstore.naver.com/app.js?a551cacb15c414488cf2, line 1: unreachable code after return statement
JavaScript warning: https://sell.smartstore.naver.com/app.js?a551cacb15c414488cf2, line 1: unreachable code after return statement
JavaScript warning: https://sell.smartstore.naver.com/app.js?a551cacb15c414488cf2, line 1: unreachable code after return statement
JavaScript warning: https://sell.smartstore.naver.com/app.js?a551cacb15c414488cf2, line 1: unreachable code after return statement
Exiting due to channel error.
Exiting due to channel error.
Exiting due to channel error.
1663330375705	geckodriver	INFO	Listening on 127.0.0.1:41745
1663330375771	mozrunner::runner	INFO	Running command: "/usr/bin/firefox" "--marionette" "--remote-debugging-port" "33201" "--remote-allow-hosts" "localhost" "-no-remote" "-profile" "/tmp/rust_mozprofileVuLngI"
1663330376325	Marionette	INFO	Marionette enabled
1663330376342	Marionette	INFO	Listening on port 42903
WebDriver BiDi listening on ws://localhost:33201
Read port: 42903
1663330376431	RemoteAgent	WARN	TLS certificate errors will be ignored for this session
console.warn: SearchSettings: "get: No settings file exists, new profile?" (new NotFoundError("Could not open the file at /tmp/rust_mozprofileVuLngI/search.json.mozlz4", (void 0)))
Missing chrome or resource URL: resource://gre/modules/UpdateListener.jsm
Missing chrome or resource URL: resource://gre/modules/UpdateListener.sys.mjs
DevTools listening on ws://localhost:33201/devtools/browser/087003c6-9840-45c0-a649-8dcf92d92e3d
JavaScript warning: https://sell.smartstore.naver.com/app.js?a551cacb15c414488cf2, line 1: unreachable code after return statement
JavaScript warning: https://sell.smartstore.naver.com/app.js?a551cacb15c414488cf2, line 1: unreachable code after return statement
console.warn: LoginRecipes: "getRecipes: falling back to a synchronous message for:" "https://accounts.commerce.naver.com"
JavaScript warning: https://sell.smartstore.naver.com/app.js?a551cacb15c414488cf2, line 1: unreachable code after return statement
JavaScript warning: https://sell.smartstore.naver.com/app.js?a551cacb15c414488cf2, line 1: unreachable code after return statement
JavaScript warning: https://sell.smartstore.naver.com/app.js?a551cacb15c414488cf2, line 1: unreachable code after return statement
JavaScript warning: https://sell.smartstore.naver.com/app.js?a551cacb15c414488cf2, line 1: unreachable code after return statement
Exiting due to channel error.
Exiting due to channel error.
Exiting due to channel error.
1663330428752	geckodriver	INFO	Listening on 127.0.0.1:54719
1663330428818	mozrunner::runner	INFO	Running command: "/usr/bin/firefox" "--marionette" "--remote-debugging-port" "54647" "--remote-allow-hosts" "localhost" "-no-remote" "-profile" "/tmp/rust_mozprofileKAZTIt"
1663330429369	Marionette	INFO	Marionette enabled
1663330429372	Marionette	INFO	Listening on port 41963
WebDriver BiDi listening on ws://localhost:54647
Read port: 41963
1663330429542	RemoteAgent	WARN	TLS certificate errors will be ignored for this session
console.warn: SearchSettings: "get: No settings file exists, new profile?" (new NotFoundError("Could not open the file at /tmp/rust_mozprofileKAZTIt/search.json.mozlz4", (void 0)))
Missing chrome or resource URL: resource://gre/modules/UpdateListener.jsm
Missing chrome or resource URL: resource://gre/modules/UpdateListener.sys.mjs
DevTools listening on ws://localhost:54647/devtools/browser/957f9a98-46f2-471f-8128-a02adc63557b
JavaScript warning: https://sell.smartstore.naver.com/app.js?a551cacb15c414488cf2, line 1: unreachable code after return statement
JavaScript warning: https://sell.smartstore.naver.com/app.js?a551cacb15c414488cf2, line 1: unreachable code after return statement
console.warn: LoginRecipes: "getRecipes: falling back to a synchronous message for:" "https://accounts.commerce.naver.com"
JavaScript warning: https://sell.smartstore.naver.com/app.js?a551cacb15c414488cf2, line 1: unreachable code after return statement
JavaScript warning: https://sell.smartstore.naver.com/app.js?a551cacb15c414488cf2, line 1: unreachable code after return statement
JavaScript warning: https://sell.smartstore.naver.com/app.js?a551cacb15c414488cf2, line 1: unreachable code after return statement
JavaScript warning: https://sell.smartstore.naver.com/app.js?a551cacb15c414488cf2, line 1: unreachable code after return statement
Exiting due to channel error.
Exiting due to channel error.
Exiting due to channel error.
1663398785639	geckodriver	INFO	Listening on 127.0.0.1:52275
1663398786231	mozrunner::runner	INFO	Running command: "/usr/bin/firefox" "--marionette" "--remote-debugging-port" "42097" "--remote-allow-hosts" "localhost" "-no-remote" "-profile" "/tmp/rust_mozprofilenZJ8DU"
1663398786745	Marionette	INFO	Marionette enabled
1663398786749	Marionette	INFO	Listening on port 42989
WebDriver BiDi listening on ws://localhost:42097
Read port: 42989
1663398786994	RemoteAgent	WARN	TLS certificate errors will be ignored for this session
console.warn: SearchSettings: "get: No settings file exists, new profile?" (new NotFoundError("Could not open the file at /tmp/rust_mozprofilenZJ8DU/search.json.mozlz4", (void 0)))
Missing chrome or resource URL: resource://gre/modules/UpdateListener.jsm
Missing chrome or resource URL: resource://gre/modules/UpdateListener.sys.mjs
DevTools listening on ws://localhost:42097/devtools/browser/a9e9c83a-807b-4cc9-8bf1-f9a3fecff042
JavaScript warning: https://sell.smartstore.naver.com/app.js?a551cacb15c414488cf2, line 1: unreachable code after return statement
JavaScript warning: https://sell.smartstore.naver.com/app.js?a551cacb15c414488cf2, line 1: unreachable code after return statement
console.warn: LoginRecipes: "getRecipes: falling back to a synchronous message for:" "https://accounts.commerce.naver.com"
JavaScript warning: https://sell.smartstore.naver.com/app.js?a551cacb15c414488cf2, line 1: unreachable code after return statement
JavaScript warning: https://sell.smartstore.naver.com/app.js?a551cacb15c414488cf2, line 1: unreachable code after return statement
JavaScript warning: https://sell.smartstore.naver.com/app.js?a551cacb15c414488cf2, line 1: unreachable code after return statement
JavaScript warning: https://sell.smartstore.naver.com/app.js?a551cacb15c414488cf2, line 1: unreachable code after return statement
Exiting due to channel error.
Exiting due to channel error.
Exiting due to channel error.
1663398893755	geckodriver	INFO	Listening on 127.0.0.1:36031
1663398893821	mozrunner::runner	INFO	Running command: "/usr/bin/firefox" "--marionette" "--remote-debugging-port" "58737" "--remote-allow-hosts" "localhost" "-no-remote" "-profile" "/tmp/rust_mozprofiley8jmiO"
1663398894378	Marionette	INFO	Marionette enabled
1663398894381	Marionette	INFO	Listening on port 38999
WebDriver BiDi listening on ws://localhost:58737
Read port: 38999
1663398894482	RemoteAgent	WARN	TLS certificate errors will be ignored for this session
console.warn: SearchSettings: "get: No settings file exists, new profile?" (new NotFoundError("Could not open the file at /tmp/rust_mozprofiley8jmiO/search.json.mozlz4", (void 0)))
Missing chrome or resource URL: resource://gre/modules/UpdateListener.jsm
Missing chrome or resource URL: resource://gre/modules/UpdateListener.sys.mjs
DevTools listening on ws://localhost:58737/devtools/browser/559dac7b-fdab-4154-9306-94394214a872
JavaScript warning: https://sell.smartstore.naver.com/app.js?a551cacb15c414488cf2, line 1: unreachable code after return statement
JavaScript warning: https://sell.smartstore.naver.com/app.js?a551cacb15c414488cf2, line 1: unreachable code after return statement
console.warn: LoginRecipes: "getRecipes: falling back to a synchronous message for:" "https://accounts.commerce.naver.com"
JavaScript warning: https://sell.smartstore.naver.com/app.js?a551cacb15c414488cf2, line 1: unreachable code after return statement
JavaScript warning: https://sell.smartstore.naver.com/app.js?a551cacb15c414488cf2, line 1: unreachable code after return statement
JavaScript warning: https://sell.smartstore.naver.com/app.js?a551cacb15c414488cf2, line 1: unreachable code after return statement
JavaScript warning: https://sell.smartstore.naver.com/app.js?a551cacb15c414488cf2, line 1: unreachable code after return statement
JavaScript error: https://sell.smartstore.naver.com/app.js?a551cacb15c414488cf2, line 1: TypeError: e is not a function
Exiting due to channel error.
Exiting due to channel error.
Exiting due to channel error.
1663399297239	geckodriver	INFO	Listening on 127.0.0.1:50637
1663399297310	mozrunner::runner	INFO	Running command: "/usr/bin/firefox" "--marionette" "--remote-debugging-port" "55905" "--remote-allow-hosts" "localhost" "-no-remote" "-profile" "/tmp/rust_mozprofile9k7v82"
1663399297915	Marionette	INFO	Marionette enabled
1663399297919	Marionette	INFO	Listening on port 37069
WebDriver BiDi listening on ws://localhost:55905
Read port: 37069
1663399298147	RemoteAgent	WARN	TLS certificate errors will be ignored for this session
console.warn: SearchSettings: "get: No settings file exists, new profile?" (new NotFoundError("Could not open the file at /tmp/rust_mozprofile9k7v82/search.json.mozlz4", (void 0)))
Missing chrome or resource URL: resource://gre/modules/UpdateListener.jsm
Missing chrome or resource URL: resource://gre/modules/UpdateListener.sys.mjs
DevTools listening on ws://localhost:55905/devtools/browser/a314d873-035a-473b-a916-5ff93bce1578
JavaScript warning: https://sell.smartstore.naver.com/app.js?a551cacb15c414488cf2, line 1: unreachable code after return statement
JavaScript warning: https://sell.smartstore.naver.com/app.js?a551cacb15c414488cf2, line 1: unreachable code after return statement
console.warn: LoginRecipes: "getRecipes: falling back to a synchronous message for:" "https://accounts.commerce.naver.com"
JavaScript warning: https://sell.smartstore.naver.com/app.js?a551cacb15c414488cf2, line 1: unreachable code after return statement
JavaScript warning: https://sell.smartstore.naver.com/app.js?a551cacb15c414488cf2, line 1: unreachable code after return statement
JavaScript warning: https://sell.smartstore.naver.com/app.js?a551cacb15c414488cf2, line 1: unreachable code after return statement
JavaScript warning: https://sell.smartstore.naver.com/app.js?a551cacb15c414488cf2, line 1: unreachable code after return statement
Missing chrome or resource URL: resource://gre/modules/UpdateListener.jsm
Missing chrome or resource URL: resource://gre/modules/UpdateListener.sys.mjs
console.error: "Error during quit-application-granted: [Exception... \"File error: Not found\"  nsresult: \"0x80520012 (NS_ERROR_FILE_NOT_FOUND)\"  location: \"JS frame :: resource:///modules/BrowserGlue.jsm :: _onQuitApplicationGranted/tasks< :: line 1996\"  data: no]"
1663399340129	Marionette	INFO	Stopped listening on port 37069
console.warn: TopSitesFeed: Failed to fetch data from Contile server: NetworkError when attempting to fetch resource.
1663399489068	geckodriver	INFO	Listening on 127.0.0.1:55413
1663399489145	mozrunner::runner	INFO	Running command: "/usr/bin/firefox" "--marionette" "--remote-debugging-port" "34259" "--remote-allow-hosts" "localhost" "-no-remote" "-profile" "/tmp/rust_mozprofilekZcOlt"
1663399489730	Marionette	INFO	Marionette enabled
1663399489733	Marionette	INFO	Listening on port 44763
WebDriver BiDi listening on ws://localhost:34259
Read port: 44763
1663399489820	RemoteAgent	WARN	TLS certificate errors will be ignored for this session
console.warn: SearchSettings: "get: No settings file exists, new profile?" (new NotFoundError("Could not open the file at /tmp/rust_mozprofilekZcOlt/search.json.mozlz4", (void 0)))
Missing chrome or resource URL: resource://gre/modules/UpdateListener.jsm
Missing chrome or resource URL: resource://gre/modules/UpdateListener.sys.mjs
DevTools listening on ws://localhost:34259/devtools/browser/a22c264c-ec29-4d05-9cb8-7d12fb0a8d0d
JavaScript warning: https://sell.smartstore.naver.com/app.js?a551cacb15c414488cf2, line 1: unreachable code after return statement
JavaScript warning: https://sell.smartstore.naver.com/app.js?a551cacb15c414488cf2, line 1: unreachable code after return statement
console.warn: LoginRecipes: "getRecipes: falling back to a synchronous message for:" "https://accounts.commerce.naver.com"
JavaScript warning: https://sell.smartstore.naver.com/app.js?a551cacb15c414488cf2, line 1: unreachable code after return statement
JavaScript warning: https://sell.smartstore.naver.com/app.js?a551cacb15c414488cf2, line 1: unreachable code after return statement
JavaScript warning: https://sell.smartstore.naver.com/app.js?a551cacb15c414488cf2, line 1: unreachable code after return statement
JavaScript warning: https://sell.smartstore.naver.com/app.js?a551cacb15c414488cf2, line 1: unreachable code after return statement
JavaScript error: https://sell.smartstore.naver.com/app.js?a551cacb15c414488cf2, line 1: TypeError: e is not a function
Exiting due to channel error.
Exiting due to channel error.
Exiting due to channel error.
1663399731506	geckodriver	INFO	Listening on 127.0.0.1:37271
1663399731569	mozrunner::runner	INFO	Running command: "/usr/bin/firefox" "--marionette" "--remote-debugging-port" "37165" "--remote-allow-hosts" "localhost" "-no-remote" "-profile" "/tmp/rust_mozprofileL6jSgX"
1663399732133	Marionette	INFO	Marionette enabled
1663399732136	Marionette	INFO	Listening on port 39121
WebDriver BiDi listening on ws://localhost:37165
Read port: 39121
console.warn: SearchSettings: "get: No settings file exists, new profile?" (new NotFoundError("Could not open the file at /tmp/rust_mozprofileL6jSgX/search.json.mozlz4", (void 0)))
Missing chrome or resource URL: resource://gre/modules/UpdateListener.jsm
Missing chrome or resource URL: resource://gre/modules/UpdateListener.sys.mjs
DevTools listening on ws://localhost:37165/devtools/browser/deb696af-9325-4fe0-bf42-5ee6ad3d47c1
1663399734414	RemoteAgent	WARN	TLS certificate errors will be ignored for this session
JavaScript warning: https://sell.smartstore.naver.com/app.js?a551cacb15c414488cf2, line 1: unreachable code after return statement
JavaScript warning: https://sell.smartstore.naver.com/app.js?a551cacb15c414488cf2, line 1: unreachable code after return statement
console.warn: LoginRecipes: "getRecipes: falling back to a synchronous message for:" "https://accounts.commerce.naver.com"
JavaScript warning: https://sell.smartstore.naver.com/app.js?a551cacb15c414488cf2, line 1: unreachable code after return statement
JavaScript warning: https://sell.smartstore.naver.com/app.js?a551cacb15c414488cf2, line 1: unreachable code after return statement
JavaScript warning: https://sell.smartstore.naver.com/app.js?a551cacb15c414488cf2, line 1: unreachable code after return statement
JavaScript warning: https://sell.smartstore.naver.com/app.js?a551cacb15c414488cf2, line 1: unreachable code after return statement
JavaScript error: https://sell.smartstore.naver.com/app.js?a551cacb15c414488cf2, line 1: TypeError: e is not a function
Missing chrome or resource URL: resource://gre/modules/UpdateListener.jsm
Missing chrome or resource URL: resource://gre/modules/UpdateListener.sys.mjs
console.error: "Error during quit-application-granted: [Exception... \"File error: Not found\"  nsresult: \"0x80520012 (NS_ERROR_FILE_NOT_FOUND)\"  location: \"JS frame :: resource:///modules/BrowserGlue.jsm :: _onQuitApplicationGranted/tasks< :: line 1996\"  data: no]"
1663399765494	Marionette	INFO	Stopped listening on port 39121
console.warn: TopSitesFeed: Failed to fetch data from Contile server: NetworkError when attempting to fetch resource.
Sandbox: Unexpected EOF, op 0 flags 00 path /proc/cpuinfo
1663399765997	geckodriver::marionette	ERROR	Failed to close browser connection: Socket not connected (os error 107)
1663399867676	geckodriver	INFO	Listening on 127.0.0.1:60757
1663399867749	mozrunner::runner	INFO	Running command: "/usr/bin/firefox" "--marionette" "--remote-debugging-port" "41009" "--remote-allow-hosts" "localhost" "-no-remote" "-profile" "/tmp/rust_mozprofileiHh8B0"
1663399868298	Marionette	INFO	Marionette enabled
1663399868301	Marionette	INFO	Listening on port 35461
WebDriver BiDi listening on ws://localhost:41009
Read port: 35461
1663399868475	RemoteAgent	WARN	TLS certificate errors will be ignored for this session
console.warn: SearchSettings: "get: No settings file exists, new profile?" (new NotFoundError("Could not open the file at /tmp/rust_mozprofileiHh8B0/search.json.mozlz4", (void 0)))
Missing chrome or resource URL: resource://gre/modules/UpdateListener.jsm
Missing chrome or resource URL: resource://gre/modules/UpdateListener.sys.mjs
DevTools listening on ws://localhost:41009/devtools/browser/d570782e-b05c-4ca4-842d-e3be3d0d9d76
JavaScript warning: https://sell.smartstore.naver.com/app.js?a551cacb15c414488cf2, line 1: unreachable code after return statement
JavaScript warning: https://sell.smartstore.naver.com/app.js?a551cacb15c414488cf2, line 1: unreachable code after return statement
console.warn: LoginRecipes: "getRecipes: falling back to a synchronous message for:" "https://accounts.commerce.naver.com"
JavaScript warning: https://sell.smartstore.naver.com/app.js?a551cacb15c414488cf2, line 1: unreachable code after return statement
JavaScript warning: https://sell.smartstore.naver.com/app.js?a551cacb15c414488cf2, line 1: unreachable code after return statement
JavaScript warning: https://sell.smartstore.naver.com/app.js?a551cacb15c414488cf2, line 1: unreachable code after return statement
JavaScript warning: https://sell.smartstore.naver.com/app.js?a551cacb15c414488cf2, line 1: unreachable code after return statement
JavaScript error: https://sell.smartstore.naver.com/app.js?a551cacb15c414488cf2, line 1: TypeError: e is not a function
Exiting due to channel error.
Exiting due to channel error.
Exiting due to channel error.
1663399909578	geckodriver::marionette	ERROR	Failed to close browser connection: Socket not connected (os error 107)
1663400701316	geckodriver	INFO	Listening on 127.0.0.1:41507
1663400701381	mozrunner::runner	INFO	Running command: "/usr/bin/firefox" "--marionette" "--remote-debugging-port" "35933" "--remote-allow-hosts" "localhost" "-no-remote" "-profile" "/tmp/rust_mozprofileLo3DmG"
1663400701950	Marionette	INFO	Marionette enabled
1663400701953	Marionette	INFO	Listening on port 43029
WebDriver BiDi listening on ws://localhost:35933
Read port: 43029
1663400702041	RemoteAgent	WARN	TLS certificate errors will be ignored for this session
console.warn: SearchSettings: "get: No settings file exists, new profile?" (new NotFoundError("Could not open the file at /tmp/rust_mozprofileLo3DmG/search.json.mozlz4", (void 0)))
Missing chrome or resource URL: resource://gre/modules/UpdateListener.jsm
Missing chrome or resource URL: resource://gre/modules/UpdateListener.sys.mjs
DevTools listening on ws://localhost:35933/devtools/browser/82f31240-771a-4ada-a6e2-06594e54d4cf
JavaScript warning: https://sell.smartstore.naver.com/app.js?a551cacb15c414488cf2, line 1: unreachable code after return statement
JavaScript warning: https://sell.smartstore.naver.com/app.js?a551cacb15c414488cf2, line 1: unreachable code after return statement
console.warn: LoginRecipes: "getRecipes: falling back to a synchronous message for:" "https://accounts.commerce.naver.com"
JavaScript warning: https://sell.smartstore.naver.com/app.js?a551cacb15c414488cf2, line 1: unreachable code after return statement
JavaScript warning: https://sell.smartstore.naver.com/app.js?a551cacb15c414488cf2, line 1: unreachable code after return statement
JavaScript warning: https://sell.smartstore.naver.com/app.js?a551cacb15c414488cf2, line 1: unreachable code after return statement
JavaScript warning: https://sell.smartstore.naver.com/app.js?a551cacb15c414488cf2, line 1: unreachable code after return statement
JavaScript error: https://sell.smartstore.naver.com/app.js?a551cacb15c414488cf2, line 1: TypeError: e is not a function
Exiting due to channel error.
Exiting due to channel error.
Exiting due to channel error.
1663400764171	geckodriver	INFO	Listening on 127.0.0.1:49201
1663400764237	mozrunner::runner	INFO	Running command: "/usr/bin/firefox" "--marionette" "--remote-debugging-port" "32919" "--remote-allow-hosts" "localhost" "-no-remote" "-profile" "/tmp/rust_mozprofileaQPkJH"
1663400764789	Marionette	INFO	Marionette enabled
1663400764792	Marionette	INFO	Listening on port 37201
WebDriver BiDi listening on ws://localhost:32919
Read port: 37201
1663400764975	RemoteAgent	WARN	TLS certificate errors will be ignored for this session
console.warn: SearchSettings: "get: No settings file exists, new profile?" (new NotFoundError("Could not open the file at /tmp/rust_mozprofileaQPkJH/search.json.mozlz4", (void 0)))
Missing chrome or resource URL: resource://gre/modules/UpdateListener.jsm
Missing chrome or resource URL: resource://gre/modules/UpdateListener.sys.mjs
DevTools listening on ws://localhost:32919/devtools/browser/6f95adea-7a6a-4422-b269-e53a9792d515
JavaScript warning: https://sell.smartstore.naver.com/app.js?a551cacb15c414488cf2, line 1: unreachable code after return statement
JavaScript warning: https://sell.smartstore.naver.com/app.js?a551cacb15c414488cf2, line 1: unreachable code after return statement
console.warn: LoginRecipes: "getRecipes: falling back to a synchronous message for:" "https://accounts.commerce.naver.com"
JavaScript warning: https://sell.smartstore.naver.com/app.js?a551cacb15c414488cf2, line 1: unreachable code after return statement
JavaScript warning: https://sell.smartstore.naver.com/app.js?a551cacb15c414488cf2, line 1: unreachable code after return statement
JavaScript warning: https://sell.smartstore.naver.com/app.js?a551cacb15c414488cf2, line 1: unreachable code after return statement
JavaScript warning: https://sell.smartstore.naver.com/app.js?a551cacb15c414488cf2, line 1: unreachable code after return statement
JavaScript error: https://sell.smartstore.naver.com/app.js?a551cacb15c414488cf2, line 1: TypeError: e is not a function
Exiting due to channel error.
Exiting due to channel error.
Exiting due to channel error.
1663400816494	geckodriver	INFO	Listening on 127.0.0.1:49349
1663400816569	mozrunner::runner	INFO	Running command: "/usr/bin/firefox" "--marionette" "--remote-debugging-port" "45745" "--remote-allow-hosts" "localhost" "-no-remote" "-profile" "/tmp/rust_mozprofile08RJEc"
1663400817140	Marionette	INFO	Marionette enabled
1663400817143	Marionette	INFO	Listening on port 40253
WebDriver BiDi listening on ws://localhost:45745
Read port: 40253
1663400817231	RemoteAgent	WARN	TLS certificate errors will be ignored for this session
console.warn: SearchSettings: "get: No settings file exists, new profile?" (new NotFoundError("Could not open the file at /tmp/rust_mozprofile08RJEc/search.json.mozlz4", (void 0)))
Missing chrome or resource URL: resource://gre/modules/UpdateListener.jsm
Missing chrome or resource URL: resource://gre/modules/UpdateListener.sys.mjs
DevTools listening on ws://localhost:45745/devtools/browser/6c77d743-0cb6-44de-aa03-f78207f6f9d7
JavaScript warning: https://sell.smartstore.naver.com/app.js?a551cacb15c414488cf2, line 1: unreachable code after return statement
JavaScript warning: https://sell.smartstore.naver.com/app.js?a551cacb15c414488cf2, line 1: unreachable code after return statement
console.warn: LoginRecipes: "getRecipes: falling back to a synchronous message for:" "https://accounts.commerce.naver.com"
JavaScript warning: https://sell.smartstore.naver.com/app.js?a551cacb15c414488cf2, line 1: unreachable code after return statement
JavaScript warning: https://sell.smartstore.naver.com/app.js?a551cacb15c414488cf2, line 1: unreachable code after return statement
JavaScript warning: https://sell.smartstore.naver.com/app.js?a551cacb15c414488cf2, line 1: unreachable code after return statement
JavaScript warning: https://sell.smartstore.naver.com/app.js?a551cacb15c414488cf2, line 1: unreachable code after return statement
JavaScript error: https://sell.smartstore.naver.com/app.js?a551cacb15c414488cf2, line 1: TypeError: e is not a function
1663400851004	Marionette	INFO	Stopped listening on port 40253
Missing chrome or resource URL: resource://gre/modules/UpdateListener.jsm
Missing chrome or resource URL: resource://gre/modules/UpdateListener.sys.mjs
console.error: "Error during quit-application-granted: [Exception... \"File error: Not found\"  nsresult: \"0x80520012 (NS_ERROR_FILE_NOT_FOUND)\"  location: \"JS frame :: resource:///modules/BrowserGlue.jsm :: _onQuitApplicationGranted/tasks< :: line 1996\"  data: no]"
Sandbox: Unexpected EOF, op 0 flags 00 path /proc/cpuinfo
1663400932506	geckodriver	INFO	Listening on 127.0.0.1:47217
1663400932569	mozrunner::runner	INFO	Running command: "/usr/bin/firefox" "--marionette" "--remote-debugging-port" "47025" "--remote-allow-hosts" "localhost" "-no-remote" "-profile" "/tmp/rust_mozprofileSaqj3b"
1663400933156	Marionette	INFO	Marionette enabled
1663400933160	Marionette	INFO	Listening on port 36521
WebDriver BiDi listening on ws://localhost:47025
Read port: 36521
1663400933249	RemoteAgent	WARN	TLS certificate errors will be ignored for this session
console.warn: SearchSettings: "get: No settings file exists, new profile?" (new NotFoundError("Could not open the file at /tmp/rust_mozprofileSaqj3b/search.json.mozlz4", (void 0)))
Missing chrome or resource URL: resource://gre/modules/UpdateListener.jsm
Missing chrome or resource URL: resource://gre/modules/UpdateListener.sys.mjs
DevTools listening on ws://localhost:47025/devtools/browser/2147bfd5-bed8-4535-8b96-985be55a30bd
JavaScript warning: https://sell.smartstore.naver.com/app.js?a551cacb15c414488cf2, line 1: unreachable code after return statement
JavaScript warning: https://sell.smartstore.naver.com/app.js?a551cacb15c414488cf2, line 1: unreachable code after return statement
console.warn: LoginRecipes: "getRecipes: falling back to a synchronous message for:" "https://accounts.commerce.naver.com"
JavaScript warning: https://sell.smartstore.naver.com/app.js?a551cacb15c414488cf2, line 1: unreachable code after return statement
JavaScript warning: https://sell.smartstore.naver.com/app.js?a551cacb15c414488cf2, line 1: unreachable code after return statement
JavaScript warning: https://sell.smartstore.naver.com/app.js?a551cacb15c414488cf2, line 1: unreachable code after return statement
JavaScript warning: https://sell.smartstore.naver.com/app.js?a551cacb15c414488cf2, line 1: unreachable code after return statement
JavaScript error: https://sell.smartstore.naver.com/app.js?a551cacb15c414488cf2, line 1: TypeError: e is not a function
console.error: "Error while calling actor 'pagestyle's method 'getApplied'" "node is null"
console.error: (new TypeError("node is null", "resource://devtools/server/actors/page-style.js", 570))
console.error: (new TypeError("parent is null", "resource://devtools/client/inspector/shared/style-change-tracker.js", 67))
TypeError: parent is null: canMutationImpactCurrentStyles@resource://devtools/client/inspector/shared/style-change-tracker.js:67:24
onMutations@resource://devtools/client/inspector/shared/style-change-tracker.js:84:41
_emit@resource://devtools/shared/event-emitter.js:242:32
emit@resource://devtools/shared/event-emitter.js:186:18
emit@resource://devtools/shared/event-emitter.js:330:18
getMutations@resource://devtools/client/fronts/walker.js:312:10

console.error: (new TypeError("container.node.targetFront is null", "resource://devtools/client/inspector/markup/markup.js", 2320))
console.error: (new TypeError("container.node.targetFront is null", "resource://devtools/client/inspector/markup/markup.js", 2320))
console.error: (new Error("Protocol error (TypeError): node is null from: server0.conn0.windowGlobal4294967301/pagestyle25 (resource://devtools/server/actors/page-style.js:570:5)", "resource://devtools/shared/protocol/Front.js", 365))
1663400994030	Marionette	INFO	Stopped listening on port 36521
Missing chrome or resource URL: resource://gre/modules/UpdateListener.jsm
Missing chrome or resource URL: resource://gre/modules/UpdateListener.sys.mjs
console.error: "Error during quit-application-granted: [Exception... \"File error: Not found\"  nsresult: \"0x80520012 (NS_ERROR_FILE_NOT_FOUND)\"  location: \"JS frame :: resource:///modules/BrowserGlue.jsm :: _onQuitApplicationGranted/tasks< :: line 1996\"  data: no]"
JavaScript error: , line 0: NotFoundError: No such JSWindowActor 'DevToolsFrame'
1663401089397	geckodriver	INFO	Listening on 127.0.0.1:36125
1663401089465	mozrunner::runner	INFO	Running command: "/usr/bin/firefox" "--marionette" "--remote-debugging-port" "39959" "--remote-allow-hosts" "localhost" "-no-remote" "-profile" "/tmp/rust_mozprofileX0pI6K"
1663401090036	Marionette	INFO	Marionette enabled
1663401090039	Marionette	INFO	Listening on port 43043
WebDriver BiDi listening on ws://localhost:39959
Read port: 43043
1663401090127	RemoteAgent	WARN	TLS certificate errors will be ignored for this session
console.warn: SearchSettings: "get: No settings file exists, new profile?" (new NotFoundError("Could not open the file at /tmp/rust_mozprofileX0pI6K/search.json.mozlz4", (void 0)))
Missing chrome or resource URL: resource://gre/modules/UpdateListener.jsm
Missing chrome or resource URL: resource://gre/modules/UpdateListener.sys.mjs
DevTools listening on ws://localhost:39959/devtools/browser/98694a51-4e22-46fd-aa64-c98d888ab902
JavaScript warning: https://sell.smartstore.naver.com/app.js?a551cacb15c414488cf2, line 1: unreachable code after return statement
JavaScript warning: https://sell.smartstore.naver.com/app.js?a551cacb15c414488cf2, line 1: unreachable code after return statement
console.warn: LoginRecipes: "getRecipes: falling back to a synchronous message for:" "https://accounts.commerce.naver.com"
JavaScript warning: https://sell.smartstore.naver.com/app.js?a551cacb15c414488cf2, line 1: unreachable code after return statement
JavaScript warning: https://sell.smartstore.naver.com/app.js?a551cacb15c414488cf2, line 1: unreachable code after return statement
JavaScript warning: https://sell.smartstore.naver.com/app.js?a551cacb15c414488cf2, line 1: unreachable code after return statement
JavaScript warning: https://sell.smartstore.naver.com/app.js?a551cacb15c414488cf2, line 1: unreachable code after return statement
JavaScript error: https://sell.smartstore.naver.com/app.js?a551cacb15c414488cf2, line 1: TypeError: e is not a function
Missing chrome or resource URL: resource://gre/modules/UpdateListener.jsm
Missing chrome or resource URL: resource://gre/modules/UpdateListener.sys.mjs
console.error: "Error during quit-application-granted: [Exception... \"File error: Not found\"  nsresult: \"0x80520012 (NS_ERROR_FILE_NOT_FOUND)\"  location: \"JS frame :: resource:///modules/BrowserGlue.jsm :: _onQuitApplicationGranted/tasks< :: line 1996\"  data: no]"
1663401143322	Marionette	INFO	Stopped listening on port 43043
console.warn: TopSitesFeed: Failed to fetch data from Contile server: NetworkError when attempting to fetch resource.
1663401151812	geckodriver::marionette	ERROR	Failed to close browser connection: Socket not connected (os error 107)
1663401274771	geckodriver	INFO	Listening on 127.0.0.1:45745
1663401274841	mozrunner::runner	INFO	Running command: "/usr/bin/firefox" "--marionette" "--remote-debugging-port" "39965" "--remote-allow-hosts" "localhost" "-no-remote" "-profile" "/tmp/rust_mozprofilebQNthv"
1663401275408	Marionette	INFO	Marionette enabled
1663401275411	Marionette	INFO	Listening on port 33415
WebDriver BiDi listening on ws://localhost:39965
Read port: 33415
1663401275501	RemoteAgent	WARN	TLS certificate errors will be ignored for this session
console.warn: SearchSettings: "get: No settings file exists, new profile?" (new NotFoundError("Could not open the file at /tmp/rust_mozprofilebQNthv/search.json.mozlz4", (void 0)))
Missing chrome or resource URL: resource://gre/modules/UpdateListener.jsm
Missing chrome or resource URL: resource://gre/modules/UpdateListener.sys.mjs
DevTools listening on ws://localhost:39965/devtools/browser/a8374506-ee58-4f76-9035-352dac7b1eff
JavaScript warning: https://sell.smartstore.naver.com/app.js?a551cacb15c414488cf2, line 1: unreachable code after return statement
JavaScript warning: https://sell.smartstore.naver.com/app.js?a551cacb15c414488cf2, line 1: unreachable code after return statement
console.warn: LoginRecipes: "getRecipes: falling back to a synchronous message for:" "https://accounts.commerce.naver.com"
JavaScript warning: https://sell.smartstore.naver.com/app.js?a551cacb15c414488cf2, line 1: unreachable code after return statement
JavaScript warning: https://sell.smartstore.naver.com/app.js?a551cacb15c414488cf2, line 1: unreachable code after return statement
JavaScript warning: https://sell.smartstore.naver.com/app.js?a551cacb15c414488cf2, line 1: unreachable code after return statement
JavaScript warning: https://sell.smartstore.naver.com/app.js?a551cacb15c414488cf2, line 1: unreachable code after return statement
JavaScript error: https://sell.smartstore.naver.com/app.js?a551cacb15c414488cf2, line 1: TypeError: e is not a function
Missing chrome or resource URL: resource://gre/modules/UpdateListener.jsm
Missing chrome or resource URL: resource://gre/modules/UpdateListener.sys.mjs
console.error: "Error during quit-application-granted: [Exception... \"File error: Not found\"  nsresult: \"0x80520012 (NS_ERROR_FILE_NOT_FOUND)\"  location: \"JS frame :: resource:///modules/BrowserGlue.jsm :: _onQuitApplicationGranted/tasks< :: line 1996\"  data: no]"
1663401311149	Marionette	INFO	Stopped listening on port 33415
console.warn: TopSitesFeed: Failed to fetch data from Contile server: NetworkError when attempting to fetch resource.
Sandbox: Unexpected EOF, op 0 flags 00 path /proc/cpuinfo
1663402589768	geckodriver	INFO	Listening on 127.0.0.1:50219
1663402590349	mozrunner::runner	INFO	Running command: "/usr/bin/firefox" "--marionette" "--remote-debugging-port" "58987" "--remote-allow-hosts" "localhost" "-no-remote" "-profile" "/tmp/rust_mozprofile0R5B1a"
1663402590867	Marionette	INFO	Marionette enabled
1663402590870	Marionette	INFO	Listening on port 45195
WebDriver BiDi listening on ws://localhost:58987
Read port: 45195
1663402591080	RemoteAgent	WARN	TLS certificate errors will be ignored for this session
console.warn: SearchSettings: "get: No settings file exists, new profile?" (new NotFoundError("Could not open the file at /tmp/rust_mozprofile0R5B1a/search.json.mozlz4", (void 0)))
Missing chrome or resource URL: resource://gre/modules/UpdateListener.jsm
Missing chrome or resource URL: resource://gre/modules/UpdateListener.sys.mjs
DevTools listening on ws://localhost:58987/devtools/browser/10ebe8a4-fc7c-4349-a99b-2926de04fe7d
JavaScript warning: https://sell.smartstore.naver.com/app.js?a551cacb15c414488cf2, line 1: unreachable code after return statement
JavaScript warning: https://sell.smartstore.naver.com/app.js?a551cacb15c414488cf2, line 1: unreachable code after return statement
console.warn: LoginRecipes: "getRecipes: falling back to a synchronous message for:" "https://accounts.commerce.naver.com"
JavaScript warning: https://sell.smartstore.naver.com/app.js?a551cacb15c414488cf2, line 1: unreachable code after return statement
JavaScript warning: https://sell.smartstore.naver.com/app.js?a551cacb15c414488cf2, line 1: unreachable code after return statement
JavaScript warning: https://sell.smartstore.naver.com/app.js?a551cacb15c414488cf2, line 1: unreachable code after return statement
JavaScript warning: https://sell.smartstore.naver.com/app.js?a551cacb15c414488cf2, line 1: unreachable code after return statement
Exiting due to channel error.
Exiting due to channel error.
Exiting due to channel error.
1663402663548	geckodriver	INFO	Listening on 127.0.0.1:35853
1663402664133	mozrunner::runner	INFO	Running command: "/usr/bin/firefox" "--marionette" "--remote-debugging-port" "48435" "--remote-allow-hosts" "localhost" "-no-remote" "-profile" "/tmp/rust_mozprofileFXmkBZ"
1663402664639	Marionette	INFO	Marionette enabled
1663402664642	Marionette	INFO	Listening on port 33995
WebDriver BiDi listening on ws://localhost:48435
Read port: 33995
1663402664888	RemoteAgent	WARN	TLS certificate errors will be ignored for this session
console.warn: SearchSettings: "get: No settings file exists, new profile?" (new NotFoundError("Could not open the file at /tmp/rust_mozprofileFXmkBZ/search.json.mozlz4", (void 0)))
Missing chrome or resource URL: resource://gre/modules/UpdateListener.jsm
Missing chrome or resource URL: resource://gre/modules/UpdateListener.sys.mjs
DevTools listening on ws://localhost:48435/devtools/browser/956856d5-4e1e-4123-8f34-56bc0223bc5d
JavaScript warning: https://sell.smartstore.naver.com/app.js?a551cacb15c414488cf2, line 1: unreachable code after return statement
JavaScript warning: https://sell.smartstore.naver.com/app.js?a551cacb15c414488cf2, line 1: unreachable code after return statement
console.warn: LoginRecipes: "getRecipes: falling back to a synchronous message for:" "https://accounts.commerce.naver.com"
JavaScript warning: https://sell.smartstore.naver.com/app.js?a551cacb15c414488cf2, line 1: unreachable code after return statement
JavaScript warning: https://sell.smartstore.naver.com/app.js?a551cacb15c414488cf2, line 1: unreachable code after return statement
JavaScript warning: https://sell.smartstore.naver.com/app.js?a551cacb15c414488cf2, line 1: unreachable code after return statement
JavaScript warning: https://sell.smartstore.naver.com/app.js?a551cacb15c414488cf2, line 1: unreachable code after return statement
JavaScript error: https://sell.smartstore.naver.com/app.js?a551cacb15c414488cf2, line 1: TypeError: e is not a function
Missing chrome or resource URL: resource://gre/modules/UpdateListener.jsm
Missing chrome or resource URL: resource://gre/modules/UpdateListener.sys.mjs
console.error: "Error during quit-application-granted: [Exception... \"File error: Not found\"  nsresult: \"0x80520012 (NS_ERROR_FILE_NOT_FOUND)\"  location: \"JS frame :: resource:///modules/BrowserGlue.jsm :: _onQuitApplicationGranted/tasks< :: line 1996\"  data: no]"
1663404012295	Marionette	INFO	Stopped listening on port 33995
console.warn: TopSitesFeed: Failed to fetch data from Contile server: NetworkError when attempting to fetch resource.
